+--------------------------------------------------+
from_dir:40--ffe027		to_dir:80--ffa007		
	from_page_table:ffe000--65		to_page_table:ffa000--65	
	from_page_table:ffe004--1025		to_page_table:ffa004--1025	
	from_page_table:ffe008--2005		to_page_table:ffa008--2005	
	from_page_table:ffe00c--3005		to_page_table:ffa00c--3005	
	from_page_table:ffe010--4005		to_page_table:ffa010--4005	
	from_page_table:ffe014--5065		to_page_table:ffa014--5065	
	from_page_table:ffe018--6065		to_page_table:ffa018--6065	
	from_page_table:ffe01c--7025		to_page_table:ffa01c--7025	
	from_page_table:ffe020--8025		to_page_table:ffa020--8025	
	from_page_table:ffe024--9025		to_page_table:ffa024--9025	
	from_page_table:ffe028--a025		to_page_table:ffa028--a025	
	from_page_table:ffe02c--b025		to_page_table:ffa02c--b025	
	from_page_table:ffe030--c025		to_page_table:ffa030--c025	
	from_page_table:ffe034--d005		to_page_table:ffa034--d005	
	from_page_table:ffe038--e005		to_page_table:ffa038--e005	
	from_page_table:ffe03c--f025		to_page_table:ffa03c--f025	
	from_page_table:ffe040--10005		to_page_table:ffa040--10005	
	from_page_table:ffe044--11005		to_page_table:ffa044--11005	
	from_page_table:ffe048--12005		to_page_table:ffa048--12005	
	from_page_table:ffe04c--13005		to_page_table:ffa04c--13005	
	from_page_table:ffe050--14005		to_page_table:ffa050--14005	
	from_page_table:ffe054--15025		to_page_table:ffa054--15025	
	from_page_table:ffe058--16025		to_page_table:ffa058--16025	
	from_page_table:ffe05c--17025		to_page_table:ffa05c--17025	
	from_page_table:ffe060--18025		to_page_table:ffa060--18025	
	from_page_table:ffe064--19025		to_page_table:ffa064--19025	
	from_page_table:ffe068--1a025		to_page_table:ffa068--1a025	
	from_page_table:ffe06c--1b005		to_page_table:ffa06c--1b005	
	from_page_table:ffe070--1c025		to_page_table:ffa070--1c025	
	from_page_table:ffe074--1d025		to_page_table:ffa074--1d025	
	from_page_table:ffe078--1e005		to_page_table:ffa078--1e005	
	from_page_table:ffe07c--1f005		to_page_table:ffa07c--1f005	
	from_page_table:ffe080--20005		to_page_table:ffa080--20005	
	from_page_table:ffe084--21005		to_page_table:ffa084--21005	
	from_page_table:ffe088--22005		to_page_table:ffa088--22005	
	from_page_table:ffe08c--23005		to_page_table:ffa08c--23005	
	from_page_table:ffe090--24005		to_page_table:ffa090--24005	
	from_page_table:ffe094--25065		to_page_table:ffa094--25065	
	from_page_table:ffe098--26065		to_page_table:ffa098--26065	
	from_page_table:ffe09c--27025		to_page_table:ffa09c--27025	
	from_page_table:ffe0a0--ffc065		to_page_table:ffa0a0--ffc065	
	from_page_table:ffe0a4--ffd065		to_page_table:ffa0a4--ffd065	
	from_page_table:ffe0a8--2a065		to_page_table:ffa0a8--2a065	
	from_page_table:ffe0ac--2b065		to_page_table:ffa0ac--2b065	
	from_page_table:ffe0b0--2c065		to_page_table:ffa0b0--2c065	
	from_page_table:ffe0b4--2d065		to_page_table:ffa0b4--2d065	
	from_page_table:ffe0b8--2e065		to_page_table:ffa0b8--2e065	
	from_page_table:ffe0bc--2f065		to_page_table:ffa0bc--2f065	
	from_page_table:ffe0c0--30065		to_page_table:ffa0c0--30065	
	from_page_table:ffe0c4--31065		to_page_table:ffa0c4--31065	
	from_page_table:ffe0c8--32065		to_page_table:ffa0c8--32065	
	from_page_table:ffe0cc--33065		to_page_table:ffa0cc--33065	
	from_page_table:ffe0d0--34065		to_page_table:ffa0d0--34065	
	from_page_table:ffe0d4--35065		to_page_table:ffa0d4--35065	
	from_page_table:ffe0d8--36065		to_page_table:ffa0d8--36065	
	from_page_table:ffe0dc--37065		to_page_table:ffa0dc--37065	
	from_page_table:ffe0e0--38065		to_page_table:ffa0e0--38065	
	from_page_table:ffe0e4--39065		to_page_table:ffa0e4--39065	
	from_page_table:ffe0e8--3a065		to_page_table:ffa0e8--3a065	
	from_page_table:ffe0ec--3b065		to_page_table:ffa0ec--3b065	
	from_page_table:ffe0f0--3c065		to_page_table:ffa0f0--3c065	
	from_page_table:ffe0f4--3d065		to_page_table:ffa0f4--3d065	
	from_page_table:ffe0f8--3e065		to_page_table:ffa0f8--3e065	
	from_page_table:ffe0fc--3f065		to_page_table:ffa0fc--3f065	
	from_page_table:ffe100--40065		to_page_table:ffa100--40065	
	from_page_table:ffe104--41065		to_page_table:ffa104--41065	
	from_page_table:ffe108--42065		to_page_table:ffa108--42065	
	from_page_table:ffe10c--43065		to_page_table:ffa10c--43065	
	from_page_table:ffe110--44065		to_page_table:ffa110--44065	
	from_page_table:ffe114--45065		to_page_table:ffa114--45065	
	from_page_table:ffe118--46065		to_page_table:ffa118--46065	
	from_page_table:ffe11c--47065		to_page_table:ffa11c--47065	
	from_page_table:ffe120--48065		to_page_table:ffa120--48065	
	from_page_table:ffe124--49065		to_page_table:ffa124--49065	
	from_page_table:ffe128--4a065		to_page_table:ffa128--4a065	
	from_page_table:ffe12c--4b065		to_page_table:ffa12c--4b065	
	from_page_table:ffe130--4c005		to_page_table:ffa130--4c005	
	from_page_table:ffe134--4d005		to_page_table:ffa134--4d005	
	from_page_table:ffe138--4e005		to_page_table:ffa138--4e005	
	from_page_table:ffe13c--4f005		to_page_table:ffa13c--4f005	
	from_page_table:ffe140--50005		to_page_table:ffa140--50005	
	from_page_table:ffe144--51005		to_page_table:ffa144--51005	
	from_page_table:ffe148--52005		to_page_table:ffa148--52005	
	from_page_table:ffe14c--53005		to_page_table:ffa14c--53005	
	from_page_table:ffe150--54005		to_page_table:ffa150--54005	
	from_page_table:ffe154--55005		to_page_table:ffa154--55005	
	from_page_table:ffe158--56005		to_page_table:ffa158--56005	
	from_page_table:ffe15c--57005		to_page_table:ffa15c--57005	
	from_page_table:ffe160--58005		to_page_table:ffa160--58005	
	from_page_table:ffe164--59005		to_page_table:ffa164--59005	
	from_page_table:ffe168--5a005		to_page_table:ffa168--5a005	
	from_page_table:ffe16c--5b005		to_page_table:ffa16c--5b005	
	from_page_table:ffe170--5c005		to_page_table:ffa170--5c005	
	from_page_table:ffe174--5d005		to_page_table:ffa174--5d005	
	from_page_table:ffe178--5e005		to_page_table:ffa178--5e005	
	from_page_table:ffe17c--5f005		to_page_table:ffa17c--5f005	
	from_page_table:ffe180--60005		to_page_table:ffa180--60005	
	from_page_table:ffe184--61005		to_page_table:ffa184--61005	
	from_page_table:ffe188--62005		to_page_table:ffa188--62005	
	from_page_table:ffe18c--63005		to_page_table:ffa18c--63005	
	from_page_table:ffe190--64005		to_page_table:ffa190--64005	
	from_page_table:ffe194--65005		to_page_table:ffa194--65005	
	from_page_table:ffe198--66005		to_page_table:ffa198--66005	
	from_page_table:ffe19c--67005		to_page_table:ffa19c--67005	
	from_page_table:ffe1a0--68005		to_page_table:ffa1a0--68005	
	from_page_table:ffe1a4--69005		to_page_table:ffa1a4--69005	
	from_page_table:ffe1a8--6a005		to_page_table:ffa1a8--6a005	
	from_page_table:ffe1ac--6b005		to_page_table:ffa1ac--6b005	
	from_page_table:ffe1b0--6c005		to_page_table:ffa1b0--6c005	
	from_page_table:ffe1b4--6d005		to_page_table:ffa1b4--6d005	
	from_page_table:ffe1b8--6e005		to_page_table:ffa1b8--6e005	
	from_page_table:ffe1bc--6f005		to_page_table:ffa1bc--6f005	
	from_page_table:ffe1c0--70005		to_page_table:ffa1c0--70005	
	from_page_table:ffe1c4--71005		to_page_table:ffa1c4--71005	
	from_page_table:ffe1c8--72005		to_page_table:ffa1c8--72005	
	from_page_table:ffe1cc--73005		to_page_table:ffa1cc--73005	
	from_page_table:ffe1d0--74005		to_page_table:ffa1d0--74005	
	from_page_table:ffe1d4--75005		to_page_table:ffa1d4--75005	
	from_page_table:ffe1d8--76005		to_page_table:ffa1d8--76005	
	from_page_table:ffe1dc--77005		to_page_table:ffa1dc--77005	
	from_page_table:ffe1e0--78005		to_page_table:ffa1e0--78005	
	from_page_table:ffe1e4--79005		to_page_table:ffa1e4--79005	
	from_page_table:ffe1e8--7a005		to_page_table:ffa1e8--7a005	
	from_page_table:ffe1ec--7b005		to_page_table:ffa1ec--7b005	
	from_page_table:ffe1f0--7c005		to_page_table:ffa1f0--7c005	
	from_page_table:ffe1f4--7d005		to_page_table:ffa1f4--7d005	
	from_page_table:ffe1f8--7e005		to_page_table:ffa1f8--7e005	
	from_page_table:ffe1fc--7f005		to_page_table:ffa1fc--7f005	
	from_page_table:ffe200--80005		to_page_table:ffa200--80005	
	from_page_table:ffe204--81005		to_page_table:ffa204--81005	
	from_page_table:ffe208--82005		to_page_table:ffa208--82005	
	from_page_table:ffe20c--83005		to_page_table:ffa20c--83005	
	from_page_table:ffe210--84005		to_page_table:ffa210--84005	
	from_page_table:ffe214--85005		to_page_table:ffa214--85005	
	from_page_table:ffe218--86005		to_page_table:ffa218--86005	
	from_page_table:ffe21c--87005		to_page_table:ffa21c--87005	
	from_page_table:ffe220--88005		to_page_table:ffa220--88005	
	from_page_table:ffe224--89005		to_page_table:ffa224--89005	
	from_page_table:ffe228--8a005		to_page_table:ffa228--8a005	
	from_page_table:ffe22c--8b005		to_page_table:ffa22c--8b005	
	from_page_table:ffe230--8c005		to_page_table:ffa230--8c005	
	from_page_table:ffe234--8d005		to_page_table:ffa234--8d005	
	from_page_table:ffe238--8e005		to_page_table:ffa238--8e005	
	from_page_table:ffe23c--8f005		to_page_table:ffa23c--8f005	
	from_page_table:ffe240--90025		to_page_table:ffa240--90025	
	from_page_table:ffe244--91005		to_page_table:ffa244--91005	
	from_page_table:ffe248--92005		to_page_table:ffa248--92005	
	from_page_table:ffe24c--93005		to_page_table:ffa24c--93005	
	from_page_table:ffe250--94005		to_page_table:ffa250--94005	
	from_page_table:ffe254--95005		to_page_table:ffa254--95005	
	from_page_table:ffe258--96005		to_page_table:ffa258--96005	
	from_page_table:ffe25c--97005		to_page_table:ffa25c--97005	
	from_page_table:ffe260--98005		to_page_table:ffa260--98005	
	from_page_table:ffe264--99005		to_page_table:ffa264--99005	
	from_page_table:ffe268--9a005		to_page_table:ffa268--9a005	
	from_page_table:ffe26c--9b005		to_page_table:ffa26c--9b005	
	from_page_table:ffe270--9c005		to_page_table:ffa270--9c005	
	from_page_table:ffe274--9d005		to_page_table:ffa274--9d005	
	from_page_table:ffe278--9e005		to_page_table:ffa278--9e005	
	from_page_table:ffe27c--9f005		to_page_table:ffa27c--9f005	
+--------------------------------------------------+
from_dir:80--ff7027		to_dir:c0--fc0007		
	from_page_table:ff7000--ff9025		to_page_table:fc0000--ff9025	
	from_page_table:ff7004--fec025		to_page_table:fc0004--fec025	
	from_page_table:ff7008--fcd025		to_page_table:fc0008--fcd025	
	from_page_table:ff700c--fce025		to_page_table:fc000c--fce025	
	from_page_table:ff7010--fd0025		to_page_table:fc0010--fd0025	
	from_page_table:ff7014--fcc025		to_page_table:fc0014--fcc025	
	from_page_table:ff7018--fca025		to_page_table:fc0018--fca025	
	from_page_table:ff701c--ff3025		to_page_table:fc001c--ff3025	
	from_page_table:ff7020--fdf025		to_page_table:fc0020--fdf025	
	from_page_table:ff7024--fcf025		to_page_table:fc0024--fcf025	
	from_page_table:ff7028--fc9025		to_page_table:fc0028--fc9025	
	from_page_table:ff702c--fc4025		to_page_table:fc002c--fc4025	
	from_page_table:ff7030--fd8025		to_page_table:fc0030--fd8025	
	from_page_table:ff7034--fde025		to_page_table:fc0034--fde025	
	from_page_table:ff7038--fdb025		to_page_table:fc0038--fdb025	
	from_page_table:ff703c--fd6025		to_page_table:fc003c--fd6025	
	from_page_table:ff7040--fe2025		to_page_table:fc0040--fe2025	
	from_page_table:ff7044--fc6025		to_page_table:fc0044--fc6025	
	from_page_table:ff7048--fd5025		to_page_table:fc0048--fd5025	
	from_page_table:ff704c--fc8025		to_page_table:fc004c--fc8025	
	from_page_table:ff7050--fc7025		to_page_table:fc0050--fc7025	
	from_page_table:ff7054--fdd025		to_page_table:fc0054--fdd025	
	from_page_table:ff7058--fda025		to_page_table:fc0058--fda025	
	from_page_table:ff7064--fe4025		to_page_table:fc0064--fe4025	
	from_page_table:ff7068--ff1025		to_page_table:fc0068--ff1025	
	from_page_table:ff706c--fe1025		to_page_table:fc006c--fe1025	
	from_page_table:ff7078--fe8025		to_page_table:fc0078--fe8025	
	from_page_table:ff707c--fd2025		to_page_table:fc007c--fd2025	
	from_page_table:ff7080--fe5025		to_page_table:fc0080--fe5025	
	from_page_table:ff7084--fe6025		to_page_table:fc0084--fe6025	
	from_page_table:ff70d4--fd4025		to_page_table:fc00d4--fd4025	
	from_page_table:ff70dc--fd7025		to_page_table:fc00dc--fd7025	
	from_page_table:ff70e0--fc5025		to_page_table:fc00e0--fc5025	
	from_page_table:ff70e4--ff2025		to_page_table:fc00e4--ff2025	
	from_page_table:ff70e8--fe7025		to_page_table:fc00e8--fe7025	
	from_page_table:ff70ec--fe3025		to_page_table:fc00ec--fe3025	
	from_page_table:ff70f0--feb025		to_page_table:fc00f0--feb025	
	from_page_table:ff70f4--ff5025		to_page_table:fc00f4--ff5025	
	from_page_table:ff70fc--fea025		to_page_table:fc00fc--fea025	
	from_page_table:ff7100--fe0025		to_page_table:fc0100--fe0025	
	from_page_table:ff7104--ff6065		to_page_table:fc0104--ff6065	
	from_page_table:ff7108--fd3065		to_page_table:fc0108--fd3065	
	from_page_table:ff7110--fef065		to_page_table:fc0110--fef065	
	from_page_table:ff7114--ff0065		to_page_table:fc0114--ff0065	
	from_page_table:ff7118--ff4065		to_page_table:fc0118--ff4065	
	from_page_table:ff711c--fee065		to_page_table:fc011c--fee065	
	from_page_table:ff7120--fed065		to_page_table:fc0120--fed065	
	from_page_table:ff7124--fe9065		to_page_table:fc0124--fe9065	
	from_page_table:ff7128--fdc065		to_page_table:fc0128--fdc065	
	from_page_table:ff712c--fd9065		to_page_table:fc012c--fd9065	
	from_page_table:ff7130--fd1065		to_page_table:fc0130--fd1065	
	from_page_table:ff7134--fcb065		to_page_table:fc0134--fcb065	
	from_page_table:ff7138--fc2065		to_page_table:fc0138--fc2065	
from_dir:bc--ffa027		to_dir:fc--fbf007		
	from_page_table:ffaff8--fc3065		to_page_table:fbfff8--fc3065	
	from_page_table:ffaffc--ff8065		to_page_table:fbfffc--ff8065	
+--------------------------------------------------+
from_dir:40--ffe027		to_dir:80--ffa007		
	from_page_table:ffe000--65		to_page_table:ffa000--65	
	from_page_table:ffe004--1025		to_page_table:ffa004--1025	
	from_page_table:ffe008--2005		to_page_table:ffa008--2005	
	from_page_table:ffe00c--3005		to_page_table:ffa00c--3005	
	from_page_table:ffe010--4005		to_page_table:ffa010--4005	
	from_page_table:ffe014--5065		to_page_table:ffa014--5065	
	from_page_table:ffe018--6065		to_page_table:ffa018--6065	
	from_page_table:ffe01c--7025		to_page_table:ffa01c--7025	
	from_page_table:ffe020--8025		to_page_table:ffa020--8025	
	from_page_table:ffe024--9025		to_page_table:ffa024--9025	
	from_page_table:ffe028--a025		to_page_table:ffa028--a025	
	from_page_table:ffe02c--b025		to_page_table:ffa02c--b025	
	from_page_table:ffe030--c025		to_page_table:ffa030--c025	
	from_page_table:ffe034--d005		to_page_table:ffa034--d005	
	from_page_table:ffe038--e005		to_page_table:ffa038--e005	
	from_page_table:ffe03c--f025		to_page_table:ffa03c--f025	
	from_page_table:ffe040--10005		to_page_table:ffa040--10005	
	from_page_table:ffe044--11005		to_page_table:ffa044--11005	
	from_page_table:ffe048--12005		to_page_table:ffa048--12005	
	from_page_table:ffe04c--13005		to_page_table:ffa04c--13005	
	from_page_table:ffe050--14005		to_page_table:ffa050--14005	
	from_page_table:ffe054--15025		to_page_table:ffa054--15025	
	from_page_table:ffe058--16025		to_page_table:ffa058--16025	
	from_page_table:ffe05c--17025		to_page_table:ffa05c--17025	
	from_page_table:ffe060--18025		to_page_table:ffa060--18025	
	from_page_table:ffe064--19025		to_page_table:ffa064--19025	
	from_page_table:ffe068--1a025		to_page_table:ffa068--1a025	
	from_page_table:ffe06c--1b025		to_page_table:ffa06c--1b025	
	from_page_table:ffe070--1c025		to_page_table:ffa070--1c025	
	from_page_table:ffe074--1d025		to_page_table:ffa074--1d025	
	from_page_table:ffe078--1e005		to_page_table:ffa078--1e005	
	from_page_table:ffe07c--1f005		to_page_table:ffa07c--1f005	
	from_page_table:ffe080--20005		to_page_table:ffa080--20005	
	from_page_table:ffe084--21005		to_page_table:ffa084--21005	
	from_page_table:ffe088--22005		to_page_table:ffa088--22005	
	from_page_table:ffe08c--23005		to_page_table:ffa08c--23005	
	from_page_table:ffe090--24005		to_page_table:ffa090--24005	
	from_page_table:ffe094--25065		to_page_table:ffa094--25065	
	from_page_table:ffe098--26065		to_page_table:ffa098--26065	
	from_page_table:ffe09c--27025		to_page_table:ffa09c--27025	
	from_page_table:ffe0a0--ffc065		to_page_table:ffa0a0--ffc065	
	from_page_table:ffe0a4--ffd065		to_page_table:ffa0a4--ffd065	
	from_page_table:ffe0a8--2a065		to_page_table:ffa0a8--2a065	
	from_page_table:ffe0ac--2b065		to_page_table:ffa0ac--2b065	
	from_page_table:ffe0b0--2c065		to_page_table:ffa0b0--2c065	
	from_page_table:ffe0b4--2d065		to_page_table:ffa0b4--2d065	
	from_page_table:ffe0b8--2e065		to_page_table:ffa0b8--2e065	
	from_page_table:ffe0bc--2f065		to_page_table:ffa0bc--2f065	
	from_page_table:ffe0c0--30065		to_page_table:ffa0c0--30065	
	from_page_table:ffe0c4--31065		to_page_table:ffa0c4--31065	
	from_page_table:ffe0c8--32065		to_page_table:ffa0c8--32065	
	from_page_table:ffe0cc--33065		to_page_table:ffa0cc--33065	
	from_page_table:ffe0d0--34065		to_page_table:ffa0d0--34065	
	from_page_table:ffe0d4--35065		to_page_table:ffa0d4--35065	
	from_page_table:ffe0d8--36065		to_page_table:ffa0d8--36065	
	from_page_table:ffe0dc--37065		to_page_table:ffa0dc--37065	
	from_page_table:ffe0e0--38065		to_page_table:ffa0e0--38065	
	from_page_table:ffe0e4--39065		to_page_table:ffa0e4--39065	
	from_page_table:ffe0e8--3a065		to_page_table:ffa0e8--3a065	
	from_page_table:ffe0ec--3b065		to_page_table:ffa0ec--3b065	
	from_page_table:ffe0f0--3c065		to_page_table:ffa0f0--3c065	
	from_page_table:ffe0f4--3d065		to_page_table:ffa0f4--3d065	
	from_page_table:ffe0f8--3e065		to_page_table:ffa0f8--3e065	
	from_page_table:ffe0fc--3f065		to_page_table:ffa0fc--3f065	
	from_page_table:ffe100--40065		to_page_table:ffa100--40065	
	from_page_table:ffe104--41065		to_page_table:ffa104--41065	
	from_page_table:ffe108--42065		to_page_table:ffa108--42065	
	from_page_table:ffe10c--43065		to_page_table:ffa10c--43065	
	from_page_table:ffe110--44065		to_page_table:ffa110--44065	
	from_page_table:ffe114--45065		to_page_table:ffa114--45065	
	from_page_table:ffe118--46065		to_page_table:ffa118--46065	
	from_page_table:ffe11c--47065		to_page_table:ffa11c--47065	
	from_page_table:ffe120--48065		to_page_table:ffa120--48065	
	from_page_table:ffe124--49065		to_page_table:ffa124--49065	
	from_page_table:ffe128--4a065		to_page_table:ffa128--4a065	
	from_page_table:ffe12c--4b065		to_page_table:ffa12c--4b065	
	from_page_table:ffe130--4c005		to_page_table:ffa130--4c005	
	from_page_table:ffe134--4d005		to_page_table:ffa134--4d005	
	from_page_table:ffe138--4e005		to_page_table:ffa138--4e005	
	from_page_table:ffe13c--4f005		to_page_table:ffa13c--4f005	
	from_page_table:ffe140--50005		to_page_table:ffa140--50005	
	from_page_table:ffe144--51005		to_page_table:ffa144--51005	
	from_page_table:ffe148--52005		to_page_table:ffa148--52005	
	from_page_table:ffe14c--53005		to_page_table:ffa14c--53005	
	from_page_table:ffe150--54005		to_page_table:ffa150--54005	
	from_page_table:ffe154--55005		to_page_table:ffa154--55005	
	from_page_table:ffe158--56005		to_page_table:ffa158--56005	
	from_page_table:ffe15c--57005		to_page_table:ffa15c--57005	
	from_page_table:ffe160--58005		to_page_table:ffa160--58005	
	from_page_table:ffe164--59005		to_page_table:ffa164--59005	
	from_page_table:ffe168--5a005		to_page_table:ffa168--5a005	
	from_page_table:ffe16c--5b005		to_page_table:ffa16c--5b005	
	from_page_table:ffe170--5c005		to_page_table:ffa170--5c005	
	from_page_table:ffe174--5d005		to_page_table:ffa174--5d005	
	from_page_table:ffe178--5e005		to_page_table:ffa178--5e005	
	from_page_table:ffe17c--5f005		to_page_table:ffa17c--5f005	
	from_page_table:ffe180--60005		to_page_table:ffa180--60005	
	from_page_table:ffe184--61005		to_page_table:ffa184--61005	
	from_page_table:ffe188--62005		to_page_table:ffa188--62005	
	from_page_table:ffe18c--63005		to_page_table:ffa18c--63005	
	from_page_table:ffe190--64005		to_page_table:ffa190--64005	
	from_page_table:ffe194--65005		to_page_table:ffa194--65005	
	from_page_table:ffe198--66005		to_page_table:ffa198--66005	
	from_page_table:ffe19c--67005		to_page_table:ffa19c--67005	
	from_page_table:ffe1a0--68005		to_page_table:ffa1a0--68005	
	from_page_table:ffe1a4--69005		to_page_table:ffa1a4--69005	
	from_page_table:ffe1a8--6a005		to_page_table:ffa1a8--6a005	
	from_page_table:ffe1ac--6b005		to_page_table:ffa1ac--6b005	
	from_page_table:ffe1b0--6c005		to_page_table:ffa1b0--6c005	
	from_page_table:ffe1b4--6d005		to_page_table:ffa1b4--6d005	
	from_page_table:ffe1b8--6e005		to_page_table:ffa1b8--6e005	
	from_page_table:ffe1bc--6f005		to_page_table:ffa1bc--6f005	
	from_page_table:ffe1c0--70005		to_page_table:ffa1c0--70005	
	from_page_table:ffe1c4--71005		to_page_table:ffa1c4--71005	
	from_page_table:ffe1c8--72005		to_page_table:ffa1c8--72005	
	from_page_table:ffe1cc--73005		to_page_table:ffa1cc--73005	
	from_page_table:ffe1d0--74005		to_page_table:ffa1d0--74005	
	from_page_table:ffe1d4--75005		to_page_table:ffa1d4--75005	
	from_page_table:ffe1d8--76005		to_page_table:ffa1d8--76005	
	from_page_table:ffe1dc--77005		to_page_table:ffa1dc--77005	
	from_page_table:ffe1e0--78005		to_page_table:ffa1e0--78005	
	from_page_table:ffe1e4--79005		to_page_table:ffa1e4--79005	
	from_page_table:ffe1e8--7a005		to_page_table:ffa1e8--7a005	
	from_page_table:ffe1ec--7b005		to_page_table:ffa1ec--7b005	
	from_page_table:ffe1f0--7c005		to_page_table:ffa1f0--7c005	
	from_page_table:ffe1f4--7d005		to_page_table:ffa1f4--7d005	
	from_page_table:ffe1f8--7e005		to_page_table:ffa1f8--7e005	
	from_page_table:ffe1fc--7f005		to_page_table:ffa1fc--7f005	
	from_page_table:ffe200--80005		to_page_table:ffa200--80005	
	from_page_table:ffe204--81005		to_page_table:ffa204--81005	
	from_page_table:ffe208--82005		to_page_table:ffa208--82005	
	from_page_table:ffe20c--83005		to_page_table:ffa20c--83005	
	from_page_table:ffe210--84005		to_page_table:ffa210--84005	
	from_page_table:ffe214--85005		to_page_table:ffa214--85005	
	from_page_table:ffe218--86005		to_page_table:ffa218--86005	
	from_page_table:ffe21c--87005		to_page_table:ffa21c--87005	
	from_page_table:ffe220--88005		to_page_table:ffa220--88005	
	from_page_table:ffe224--89005		to_page_table:ffa224--89005	
	from_page_table:ffe228--8a005		to_page_table:ffa228--8a005	
	from_page_table:ffe22c--8b005		to_page_table:ffa22c--8b005	
	from_page_table:ffe230--8c005		to_page_table:ffa230--8c005	
	from_page_table:ffe234--8d005		to_page_table:ffa234--8d005	
	from_page_table:ffe238--8e005		to_page_table:ffa238--8e005	
	from_page_table:ffe23c--8f005		to_page_table:ffa23c--8f005	
	from_page_table:ffe240--90025		to_page_table:ffa240--90025	
	from_page_table:ffe244--91005		to_page_table:ffa244--91005	
	from_page_table:ffe248--92005		to_page_table:ffa248--92005	
	from_page_table:ffe24c--93005		to_page_table:ffa24c--93005	
	from_page_table:ffe250--94005		to_page_table:ffa250--94005	
	from_page_table:ffe254--95005		to_page_table:ffa254--95005	
	from_page_table:ffe258--96005		to_page_table:ffa258--96005	
	from_page_table:ffe25c--97005		to_page_table:ffa25c--97005	
	from_page_table:ffe260--98005		to_page_table:ffa260--98005	
	from_page_table:ffe264--99005		to_page_table:ffa264--99005	
	from_page_table:ffe268--9a005		to_page_table:ffa268--9a005	
	from_page_table:ffe26c--9b005		to_page_table:ffa26c--9b005	
	from_page_table:ffe270--9c005		to_page_table:ffa270--9c005	
	from_page_table:ffe274--9d005		to_page_table:ffa274--9d005	
	from_page_table:ffe278--9e005		to_page_table:ffa278--9e005	
	from_page_table:ffe27c--9f005		to_page_table:ffa27c--9f005	
+--------------------------------------------------+
from_dir:80--ff5027		to_dir:100--fa9007		
	from_page_table:ff5000--ffa025		to_page_table:fa9000--ffa025	
	from_page_table:ff5004--fe8025		to_page_table:fa9004--fe8025	
	from_page_table:ff5008--fca025		to_page_table:fa9008--fca025	
	from_page_table:ff500c--fcb025		to_page_table:fa900c--fcb025	
	from_page_table:ff5010--fcc025		to_page_table:fa9010--fcc025	
	from_page_table:ff5014--fc9025		to_page_table:fa9014--fc9025	
	from_page_table:ff5018--fc7025		to_page_table:fa9018--fc7025	
	from_page_table:ff501c--fef025		to_page_table:fa901c--fef025	
	from_page_table:ff5020--fdb025		to_page_table:fa9020--fdb025	
	from_page_table:ff5024--fc6025		to_page_table:fa9024--fc6025	
	from_page_table:ff5028--fc5025		to_page_table:fa9028--fc5025	
	from_page_table:ff502c--fc4025		to_page_table:fa902c--fc4025	
	from_page_table:ff5030--fd4025		to_page_table:fa9030--fd4025	
	from_page_table:ff5034--fda025		to_page_table:fa9034--fda025	
	from_page_table:ff5038--fd7025		to_page_table:fa9038--fd7025	
	from_page_table:ff503c--fd2025		to_page_table:fa903c--fd2025	
	from_page_table:ff5040--fde025		to_page_table:fa9040--fde025	
	from_page_table:ff5044--fc0025		to_page_table:fa9044--fc0025	
	from_page_table:ff5048--fd1025		to_page_table:fa9048--fd1025	
	from_page_table:ff504c--fbf025		to_page_table:fa904c--fbf025	
	from_page_table:ff5050--fbe025		to_page_table:fa9050--fbe025	
	from_page_table:ff5054--fd9025		to_page_table:fa9054--fd9025	
	from_page_table:ff5058--fd6025		to_page_table:fa9058--fd6025	
	from_page_table:ff5064--fe0025		to_page_table:fa9064--fe0025	
	from_page_table:ff5068--fed025		to_page_table:fa9068--fed025	
	from_page_table:ff506c--fdd025		to_page_table:fa906c--fdd025	
	from_page_table:ff5074--fbc025		to_page_table:fa9074--fbc025	
	from_page_table:ff5078--fe4025		to_page_table:fa9078--fe4025	
	from_page_table:ff507c--fce025		to_page_table:fa907c--fce025	
	from_page_table:ff5080--fe1025		to_page_table:fa9080--fe1025	
	from_page_table:ff5084--fe2025		to_page_table:fa9084--fe2025	
	from_page_table:ff5098--fbb025		to_page_table:fa9098--fbb025	
	from_page_table:ff509c--fba025		to_page_table:fa909c--fba025	
	from_page_table:ff50a4--fb9025		to_page_table:fa90a4--fb9025	
	from_page_table:ff50a8--fb8025		to_page_table:fa90a8--fb8025	
	from_page_table:ff50ac--fb7025		to_page_table:fa90ac--fb7025	
	from_page_table:ff50d4--fd0025		to_page_table:fa90d4--fd0025	
	from_page_table:ff50dc--fd3025		to_page_table:fa90dc--fd3025	
	from_page_table:ff50e0--fbd025		to_page_table:fa90e0--fbd025	
	from_page_table:ff50e4--fee025		to_page_table:fa90e4--fee025	
	from_page_table:ff50e8--fe3025		to_page_table:fa90e8--fe3025	
	from_page_table:ff50ec--fdf025		to_page_table:fa90ec--fdf025	
	from_page_table:ff50f0--fe7025		to_page_table:fa90f0--fe7025	
	from_page_table:ff50f4--ff2025		to_page_table:fa90f4--ff2025	
	from_page_table:ff50fc--fe6025		to_page_table:fa90fc--fe6025	
	from_page_table:ff5100--fdc025		to_page_table:fa9100--fdc025	
	from_page_table:ff5104--ff3065		to_page_table:fa9104--ff3065	
	from_page_table:ff5108--fcf065		to_page_table:fa9108--fcf065	
	from_page_table:ff5110--feb065		to_page_table:fa9110--feb065	
	from_page_table:ff5114--fec065		to_page_table:fa9114--fec065	
	from_page_table:ff5118--ff1065		to_page_table:fa9118--ff1065	
	from_page_table:ff511c--fea065		to_page_table:fa911c--fea065	
	from_page_table:ff5120--fe9065		to_page_table:fa9120--fe9065	
	from_page_table:ff5124--fe5065		to_page_table:fa9124--fe5065	
	from_page_table:ff5128--fd8065		to_page_table:fa9128--fd8065	
	from_page_table:ff512c--fd5065		to_page_table:fa912c--fd5065	
	from_page_table:ff5130--fcd065		to_page_table:fa9130--fcd065	
	from_page_table:ff5134--fc8065		to_page_table:fa9134--fc8065	
	from_page_table:ff5138--fc2065		to_page_table:fa9138--fc2065	
	from_page_table:ff513c--fb6065		to_page_table:fa913c--fb6065	
	from_page_table:ff5140--fb5065		to_page_table:fa9140--fb5065	
	from_page_table:ff5144--fb4065		to_page_table:fa9144--fb4065	
	from_page_table:ff5148--fb3065		to_page_table:fa9148--fb3065	
	from_page_table:ff514c--fb2065		to_page_table:fa914c--fb2065	
	from_page_table:ff5150--fb1065		to_page_table:fa9150--fb1065	
	from_page_table:ff5154--fb0065		to_page_table:fa9154--fb0065	
	from_page_table:ff5158--faf065		to_page_table:fa9158--faf065	
	from_page_table:ff515c--fae065		to_page_table:fa915c--fae065	
	from_page_table:ff5160--fac065		to_page_table:fa9160--fac065	
from_dir:bc--ffd027		to_dir:13c--fa8007		
	from_page_table:ffdff8--fc3065		to_page_table:fa8ff8--fc3065	
	from_page_table:ffdffc--ff7065		to_page_table:fa8ffc--ff7065	
+--------------------------------------------------+
from_dir:80--ff5027		to_dir:100--f9b007		
	from_page_table:ff5000--ffa025		to_page_table:f9b000--ffa025	
	from_page_table:ff5004--fe8025		to_page_table:f9b004--fe8025	
	from_page_table:ff5008--fca025		to_page_table:f9b008--fca025	
	from_page_table:ff500c--fcb025		to_page_table:f9b00c--fcb025	
	from_page_table:ff5010--fcc025		to_page_table:f9b010--fcc025	
	from_page_table:ff5014--fc9025		to_page_table:f9b014--fc9025	
	from_page_table:ff5018--fc7025		to_page_table:f9b018--fc7025	
	from_page_table:ff501c--fef025		to_page_table:f9b01c--fef025	
	from_page_table:ff5020--fdb025		to_page_table:f9b020--fdb025	
	from_page_table:ff5024--fc6025		to_page_table:f9b024--fc6025	
	from_page_table:ff5028--fc5025		to_page_table:f9b028--fc5025	
	from_page_table:ff502c--fc4025		to_page_table:f9b02c--fc4025	
	from_page_table:ff5030--fd4025		to_page_table:f9b030--fd4025	
	from_page_table:ff5034--fda025		to_page_table:f9b034--fda025	
	from_page_table:ff5038--fd7025		to_page_table:f9b038--fd7025	
	from_page_table:ff503c--fd2025		to_page_table:f9b03c--fd2025	
	from_page_table:ff5040--fde025		to_page_table:f9b040--fde025	
	from_page_table:ff5044--fc0025		to_page_table:f9b044--fc0025	
	from_page_table:ff5048--fd1025		to_page_table:f9b048--fd1025	
	from_page_table:ff504c--fbf025		to_page_table:f9b04c--fbf025	
	from_page_table:ff5050--fbe025		to_page_table:f9b050--fbe025	
	from_page_table:ff5054--fd9025		to_page_table:f9b054--fd9025	
	from_page_table:ff5058--fd6025		to_page_table:f9b058--fd6025	
	from_page_table:ff5064--fe0025		to_page_table:f9b064--fe0025	
	from_page_table:ff5068--fed025		to_page_table:f9b068--fed025	
	from_page_table:ff506c--fdd025		to_page_table:f9b06c--fdd025	
	from_page_table:ff5074--fbc025		to_page_table:f9b074--fbc025	
	from_page_table:ff5078--fe4025		to_page_table:f9b078--fe4025	
	from_page_table:ff507c--fce025		to_page_table:f9b07c--fce025	
	from_page_table:ff5080--fe1025		to_page_table:f9b080--fe1025	
	from_page_table:ff5084--fe2025		to_page_table:f9b084--fe2025	
	from_page_table:ff5098--fbb025		to_page_table:f9b098--fbb025	
	from_page_table:ff509c--fba025		to_page_table:f9b09c--fba025	
	from_page_table:ff50a4--fb9025		to_page_table:f9b0a4--fb9025	
	from_page_table:ff50a8--fb8025		to_page_table:f9b0a8--fb8025	
	from_page_table:ff50ac--fb7025		to_page_table:f9b0ac--fb7025	
	from_page_table:ff50b0--fa8025		to_page_table:f9b0b0--fa8025	
	from_page_table:ff50b4--fa7025		to_page_table:f9b0b4--fa7025	
	from_page_table:ff50b8--fa1025		to_page_table:f9b0b8--fa1025	
	from_page_table:ff50bc--f9e025		to_page_table:f9b0bc--f9e025	
	from_page_table:ff50c0--fa2025		to_page_table:f9b0c0--fa2025	
	from_page_table:ff50c4--fab025		to_page_table:f9b0c4--fab025	
	from_page_table:ff50c8--f9f025		to_page_table:f9b0c8--f9f025	
	from_page_table:ff50d4--fd0025		to_page_table:f9b0d4--fd0025	
	from_page_table:ff50d8--f9d025		to_page_table:f9b0d8--f9d025	
	from_page_table:ff50dc--fd3025		to_page_table:f9b0dc--fd3025	
	from_page_table:ff50e0--fbd025		to_page_table:f9b0e0--fbd025	
	from_page_table:ff50e4--fee025		to_page_table:f9b0e4--fee025	
	from_page_table:ff50e8--fe3025		to_page_table:f9b0e8--fe3025	
	from_page_table:ff50ec--fdf025		to_page_table:f9b0ec--fdf025	
	from_page_table:ff50f0--fe7025		to_page_table:f9b0f0--fe7025	
	from_page_table:ff50f4--ff2025		to_page_table:f9b0f4--ff2025	
	from_page_table:ff50fc--fe6025		to_page_table:f9b0fc--fe6025	
	from_page_table:ff5100--fdc025		to_page_table:f9b100--fdc025	
	from_page_table:ff5104--ff3065		to_page_table:f9b104--ff3065	
	from_page_table:ff5108--fcf065		to_page_table:f9b108--fcf065	
	from_page_table:ff510c--faa065		to_page_table:f9b10c--faa065	
	from_page_table:ff5110--feb065		to_page_table:f9b110--feb065	
	from_page_table:ff5114--fec065		to_page_table:f9b114--fec065	
	from_page_table:ff5118--ff1065		to_page_table:f9b118--ff1065	
	from_page_table:ff511c--fea065		to_page_table:f9b11c--fea065	
	from_page_table:ff5120--fe9065		to_page_table:f9b120--fe9065	
	from_page_table:ff5124--fe5065		to_page_table:f9b124--fe5065	
	from_page_table:ff5128--fd8065		to_page_table:f9b128--fd8065	
	from_page_table:ff512c--fd5065		to_page_table:f9b12c--fd5065	
	from_page_table:ff5130--fcd065		to_page_table:f9b130--fcd065	
	from_page_table:ff5134--fc8065		to_page_table:f9b134--fc8065	
	from_page_table:ff5138--fc2065		to_page_table:f9b138--fc2065	
	from_page_table:ff513c--fb6065		to_page_table:f9b13c--fb6065	
	from_page_table:ff5140--fb5065		to_page_table:f9b140--fb5065	
	from_page_table:ff5144--fb4065		to_page_table:f9b144--fb4065	
	from_page_table:ff5148--fb3065		to_page_table:f9b148--fb3065	
	from_page_table:ff514c--fb2065		to_page_table:f9b14c--fb2065	
	from_page_table:ff5150--fb1065		to_page_table:f9b150--fb1065	
	from_page_table:ff5154--fb0065		to_page_table:f9b154--fb0065	
	from_page_table:ff5158--faf065		to_page_table:f9b158--faf065	
	from_page_table:ff515c--fae065		to_page_table:f9b15c--fae065	
	from_page_table:ff5160--fac065		to_page_table:f9b160--fac065	
	from_page_table:ff5164--fa9065		to_page_table:f9b164--fa9065	
	from_page_table:ff5168--fa6065		to_page_table:f9b168--fa6065	
	from_page_table:ff516c--fa5065		to_page_table:f9b16c--fa5065	
	from_page_table:ff5170--fa4065		to_page_table:f9b170--fa4065	
	from_page_table:ff5174--fa3065		to_page_table:f9b174--fa3065	
	from_page_table:ff5178--fa0065		to_page_table:f9b178--fa0065	
from_dir:bc--ffd027		to_dir:13c--f9a007		
	from_page_table:ffdff8--fc3065		to_page_table:f9aff8--fc3065	
	from_page_table:ffdffc--ff7065		to_page_table:f9affc--ff7065	
+--------------------------------------------------+
from_dir:80--ff5027		to_dir:100--f9a007		
	from_page_table:ff5000--ffa025		to_page_table:f9a000--ffa025	
	from_page_table:ff5004--fe8025		to_page_table:f9a004--fe8025	
	from_page_table:ff5008--fca025		to_page_table:f9a008--fca025	
	from_page_table:ff500c--fcb025		to_page_table:f9a00c--fcb025	
	from_page_table:ff5010--fcc025		to_page_table:f9a010--fcc025	
	from_page_table:ff5014--fc9025		to_page_table:f9a014--fc9025	
	from_page_table:ff5018--fc7025		to_page_table:f9a018--fc7025	
	from_page_table:ff501c--fef025		to_page_table:f9a01c--fef025	
	from_page_table:ff5020--fdb025		to_page_table:f9a020--fdb025	
	from_page_table:ff5024--fc6025		to_page_table:f9a024--fc6025	
	from_page_table:ff5028--fc5025		to_page_table:f9a028--fc5025	
	from_page_table:ff502c--fc4025		to_page_table:f9a02c--fc4025	
	from_page_table:ff5030--fd4025		to_page_table:f9a030--fd4025	
	from_page_table:ff5034--fda025		to_page_table:f9a034--fda025	
	from_page_table:ff5038--fd7025		to_page_table:f9a038--fd7025	
	from_page_table:ff503c--fd2025		to_page_table:f9a03c--fd2025	
	from_page_table:ff5040--fde025		to_page_table:f9a040--fde025	
	from_page_table:ff5044--fc0025		to_page_table:f9a044--fc0025	
	from_page_table:ff5048--fd1025		to_page_table:f9a048--fd1025	
	from_page_table:ff504c--fbf025		to_page_table:f9a04c--fbf025	
	from_page_table:ff5050--fbe025		to_page_table:f9a050--fbe025	
	from_page_table:ff5054--fd9025		to_page_table:f9a054--fd9025	
	from_page_table:ff5058--fd6025		to_page_table:f9a058--fd6025	
	from_page_table:ff5064--fe0025		to_page_table:f9a064--fe0025	
	from_page_table:ff5068--fed025		to_page_table:f9a068--fed025	
	from_page_table:ff506c--fdd025		to_page_table:f9a06c--fdd025	
	from_page_table:ff5074--fbc025		to_page_table:f9a074--fbc025	
	from_page_table:ff5078--fe4025		to_page_table:f9a078--fe4025	
	from_page_table:ff507c--fce025		to_page_table:f9a07c--fce025	
	from_page_table:ff5080--fe1025		to_page_table:f9a080--fe1025	
	from_page_table:ff5084--fe2025		to_page_table:f9a084--fe2025	
	from_page_table:ff5098--fbb025		to_page_table:f9a098--fbb025	
	from_page_table:ff509c--fba025		to_page_table:f9a09c--fba025	
	from_page_table:ff50a4--fb9025		to_page_table:f9a0a4--fb9025	
	from_page_table:ff50a8--fb8025		to_page_table:f9a0a8--fb8025	
	from_page_table:ff50ac--fb7025		to_page_table:f9a0ac--fb7025	
	from_page_table:ff50b0--fa8025		to_page_table:f9a0b0--fa8025	
	from_page_table:ff50b4--fa7025		to_page_table:f9a0b4--fa7025	
	from_page_table:ff50b8--fa1025		to_page_table:f9a0b8--fa1025	
	from_page_table:ff50bc--f9e025		to_page_table:f9a0bc--f9e025	
	from_page_table:ff50c0--fa2025		to_page_table:f9a0c0--fa2025	
	from_page_table:ff50c4--fab025		to_page_table:f9a0c4--fab025	
	from_page_table:ff50c8--f9f025		to_page_table:f9a0c8--f9f025	
	from_page_table:ff50d4--fd0025		to_page_table:f9a0d4--fd0025	
	from_page_table:ff50d8--f9d025		to_page_table:f9a0d8--f9d025	
	from_page_table:ff50dc--fd3025		to_page_table:f9a0dc--fd3025	
	from_page_table:ff50e0--fbd025		to_page_table:f9a0e0--fbd025	
	from_page_table:ff50e4--fee025		to_page_table:f9a0e4--fee025	
	from_page_table:ff50e8--fe3025		to_page_table:f9a0e8--fe3025	
	from_page_table:ff50ec--fdf025		to_page_table:f9a0ec--fdf025	
	from_page_table:ff50f0--fe7025		to_page_table:f9a0f0--fe7025	
	from_page_table:ff50f4--ff2025		to_page_table:f9a0f4--ff2025	
	from_page_table:ff50fc--fe6025		to_page_table:f9a0fc--fe6025	
	from_page_table:ff5100--fdc025		to_page_table:f9a100--fdc025	
	from_page_table:ff5104--ff3065		to_page_table:f9a104--ff3065	
	from_page_table:ff5108--fcf065		to_page_table:f9a108--fcf065	
	from_page_table:ff510c--faa065		to_page_table:f9a10c--faa065	
	from_page_table:ff5110--feb065		to_page_table:f9a110--feb065	
	from_page_table:ff5114--fec065		to_page_table:f9a114--fec065	
	from_page_table:ff5118--ff1065		to_page_table:f9a118--ff1065	
	from_page_table:ff511c--fea065		to_page_table:f9a11c--fea065	
	from_page_table:ff5120--fe9065		to_page_table:f9a120--fe9065	
	from_page_table:ff5124--fe5065		to_page_table:f9a124--fe5065	
	from_page_table:ff5128--fd8065		to_page_table:f9a128--fd8065	
	from_page_table:ff512c--fd5065		to_page_table:f9a12c--fd5065	
	from_page_table:ff5130--fcd065		to_page_table:f9a130--fcd065	
	from_page_table:ff5134--fc8065		to_page_table:f9a134--fc8065	
	from_page_table:ff5138--fc2065		to_page_table:f9a138--fc2065	
	from_page_table:ff513c--fb6065		to_page_table:f9a13c--fb6065	
	from_page_table:ff5140--fb5065		to_page_table:f9a140--fb5065	
	from_page_table:ff5144--fb4065		to_page_table:f9a144--fb4065	
	from_page_table:ff5148--fb3065		to_page_table:f9a148--fb3065	
	from_page_table:ff514c--fb2065		to_page_table:f9a14c--fb2065	
	from_page_table:ff5150--fb1065		to_page_table:f9a150--fb1065	
	from_page_table:ff5154--fb0065		to_page_table:f9a154--fb0065	
	from_page_table:ff5158--faf065		to_page_table:f9a158--faf065	
	from_page_table:ff515c--fae065		to_page_table:f9a15c--fae065	
	from_page_table:ff5160--fac065		to_page_table:f9a160--fac065	
	from_page_table:ff5164--fa9065		to_page_table:f9a164--fa9065	
	from_page_table:ff5168--fa6065		to_page_table:f9a168--fa6065	
	from_page_table:ff516c--fa5065		to_page_table:f9a16c--fa5065	
	from_page_table:ff5170--fa4065		to_page_table:f9a170--fa4065	
	from_page_table:ff5174--fa3065		to_page_table:f9a174--fa3065	
	from_page_table:ff5178--fa0065		to_page_table:f9a178--fa0065	
from_dir:bc--ffd027		to_dir:13c--f99007		
	from_page_table:ffdff8--fc3065		to_page_table:f99ff8--fc3065	
	from_page_table:ffdffc--ff7065		to_page_table:f99ffc--ff7065	
+--------------------------------------------------+
from_dir:80--ff5027		to_dir:100--f9b007		
	from_page_table:ff5000--ffa025		to_page_table:f9b000--ffa025	
	from_page_table:ff5004--fe8025		to_page_table:f9b004--fe8025	
	from_page_table:ff5008--fca025		to_page_table:f9b008--fca025	
	from_page_table:ff500c--fcb025		to_page_table:f9b00c--fcb025	
	from_page_table:ff5010--fcc025		to_page_table:f9b010--fcc025	
	from_page_table:ff5014--fc9025		to_page_table:f9b014--fc9025	
	from_page_table:ff5018--fc7025		to_page_table:f9b018--fc7025	
	from_page_table:ff501c--fef025		to_page_table:f9b01c--fef025	
	from_page_table:ff5020--fdb025		to_page_table:f9b020--fdb025	
	from_page_table:ff5024--fc6025		to_page_table:f9b024--fc6025	
	from_page_table:ff5028--fc5025		to_page_table:f9b028--fc5025	
	from_page_table:ff502c--fc4025		to_page_table:f9b02c--fc4025	
	from_page_table:ff5030--fd4025		to_page_table:f9b030--fd4025	
	from_page_table:ff5034--fda025		to_page_table:f9b034--fda025	
	from_page_table:ff5038--fd7025		to_page_table:f9b038--fd7025	
	from_page_table:ff503c--fd2025		to_page_table:f9b03c--fd2025	
	from_page_table:ff5040--fde025		to_page_table:f9b040--fde025	
	from_page_table:ff5044--fc0025		to_page_table:f9b044--fc0025	
	from_page_table:ff5048--fd1025		to_page_table:f9b048--fd1025	
	from_page_table:ff504c--fbf025		to_page_table:f9b04c--fbf025	
	from_page_table:ff5050--fbe025		to_page_table:f9b050--fbe025	
	from_page_table:ff5054--fd9025		to_page_table:f9b054--fd9025	
	from_page_table:ff5058--fd6025		to_page_table:f9b058--fd6025	
	from_page_table:ff5064--fe0025		to_page_table:f9b064--fe0025	
	from_page_table:ff5068--fed025		to_page_table:f9b068--fed025	
	from_page_table:ff506c--fdd025		to_page_table:f9b06c--fdd025	
	from_page_table:ff5074--fbc025		to_page_table:f9b074--fbc025	
	from_page_table:ff5078--fe4025		to_page_table:f9b078--fe4025	
	from_page_table:ff507c--fce025		to_page_table:f9b07c--fce025	
	from_page_table:ff5080--fe1025		to_page_table:f9b080--fe1025	
	from_page_table:ff5084--fe2025		to_page_table:f9b084--fe2025	
	from_page_table:ff5098--fbb025		to_page_table:f9b098--fbb025	
	from_page_table:ff509c--fba025		to_page_table:f9b09c--fba025	
	from_page_table:ff50a4--fb9025		to_page_table:f9b0a4--fb9025	
	from_page_table:ff50a8--fb8025		to_page_table:f9b0a8--fb8025	
	from_page_table:ff50ac--fb7025		to_page_table:f9b0ac--fb7025	
	from_page_table:ff50b0--fa8025		to_page_table:f9b0b0--fa8025	
	from_page_table:ff50b4--fa7025		to_page_table:f9b0b4--fa7025	
	from_page_table:ff50b8--fa1025		to_page_table:f9b0b8--fa1025	
	from_page_table:ff50bc--f9e025		to_page_table:f9b0bc--f9e025	
	from_page_table:ff50c0--fa2025		to_page_table:f9b0c0--fa2025	
	from_page_table:ff50c4--fab025		to_page_table:f9b0c4--fab025	
	from_page_table:ff50c8--f9f025		to_page_table:f9b0c8--f9f025	
	from_page_table:ff50d4--fd0025		to_page_table:f9b0d4--fd0025	
	from_page_table:ff50d8--f9d025		to_page_table:f9b0d8--f9d025	
	from_page_table:ff50dc--fd3025		to_page_table:f9b0dc--fd3025	
	from_page_table:ff50e0--fbd025		to_page_table:f9b0e0--fbd025	
	from_page_table:ff50e4--fee025		to_page_table:f9b0e4--fee025	
	from_page_table:ff50e8--fe3025		to_page_table:f9b0e8--fe3025	
	from_page_table:ff50ec--fdf025		to_page_table:f9b0ec--fdf025	
	from_page_table:ff50f0--fe7025		to_page_table:f9b0f0--fe7025	
	from_page_table:ff50f4--ff2025		to_page_table:f9b0f4--ff2025	
	from_page_table:ff50fc--fe6025		to_page_table:f9b0fc--fe6025	
	from_page_table:ff5100--fdc025		to_page_table:f9b100--fdc025	
	from_page_table:ff5104--ff3065		to_page_table:f9b104--ff3065	
	from_page_table:ff5108--fcf065		to_page_table:f9b108--fcf065	
	from_page_table:ff510c--faa065		to_page_table:f9b10c--faa065	
	from_page_table:ff5110--feb065		to_page_table:f9b110--feb065	
	from_page_table:ff5114--fec065		to_page_table:f9b114--fec065	
	from_page_table:ff5118--ff1065		to_page_table:f9b118--ff1065	
	from_page_table:ff511c--fea065		to_page_table:f9b11c--fea065	
	from_page_table:ff5120--fe9065		to_page_table:f9b120--fe9065	
	from_page_table:ff5124--fe5065		to_page_table:f9b124--fe5065	
	from_page_table:ff5128--fd8065		to_page_table:f9b128--fd8065	
	from_page_table:ff512c--fd5065		to_page_table:f9b12c--fd5065	
	from_page_table:ff5130--fcd065		to_page_table:f9b130--fcd065	
	from_page_table:ff5134--fc8065		to_page_table:f9b134--fc8065	
	from_page_table:ff5138--fc2065		to_page_table:f9b138--fc2065	
	from_page_table:ff513c--fb6065		to_page_table:f9b13c--fb6065	
	from_page_table:ff5140--fb5065		to_page_table:f9b140--fb5065	
	from_page_table:ff5144--fb4065		to_page_table:f9b144--fb4065	
	from_page_table:ff5148--fb3065		to_page_table:f9b148--fb3065	
	from_page_table:ff514c--fb2065		to_page_table:f9b14c--fb2065	
	from_page_table:ff5150--fb1065		to_page_table:f9b150--fb1065	
	from_page_table:ff5154--fb0065		to_page_table:f9b154--fb0065	
	from_page_table:ff5158--faf065		to_page_table:f9b158--faf065	
	from_page_table:ff515c--fae065		to_page_table:f9b15c--fae065	
	from_page_table:ff5160--fac065		to_page_table:f9b160--fac065	
	from_page_table:ff5164--fa9065		to_page_table:f9b164--fa9065	
	from_page_table:ff5168--fa6065		to_page_table:f9b168--fa6065	
	from_page_table:ff516c--fa5065		to_page_table:f9b16c--fa5065	
	from_page_table:ff5170--fa4065		to_page_table:f9b170--fa4065	
	from_page_table:ff5174--fa3065		to_page_table:f9b174--fa3065	
	from_page_table:ff5178--fa0065		to_page_table:f9b178--fa0065	
from_dir:bc--ffd027		to_dir:13c--f9a007		
	from_page_table:ffdff8--fc3065		to_page_table:f9aff8--fc3065	
	from_page_table:ffdffc--ff7065		to_page_table:f9affc--ff7065	
