page_catalogue_table(p=0, new allocate): 	bc->ffa007
page_table: 	ffa000->ff8007
+-------------------------------------------+
pid: 2
page fault happened at address: 8000000
new allocate page address: ff9000
page_catalogue_table(p=0, new allocate): 	80->ff7007
page_table: 	ff7000->ff9007
address_convert: page_catalogue_table 80 -> ff7000[0] -> (ff9007 & 0xfffffff000) = ff9000 + 0 = ff9000
+-------------------------------------------+

+-------------------------------------------+
pid: 2
page fault happened at address: 8041000
new allocate page address: ff6000
page_catalogue_table(p=1): 	80->ff7027
page_table: 	ff7000->ff6007
address_convert: page_catalogue_table 80 -> ff7000[41] -> (ff6007 & 0xfffffff000) = ff6000 + 0 = ff6000
+-------------------------------------------+

+-------------------------------------------+
pid: 2
page fault happened at address: 803d854
new allocate page address: ff5000
page_catalogue_table(p=1): 	80->ff7027
page_table: 	ff7000->ff5007
address_convert: page_catalogue_table 80 -> ff7000[3d] -> (ff5007 & 0xfffffff000) = ff5000 + 854 = ff5854
+-------------------------------------------+

page_catalogue_table(p=1): 	80->ff7027
page_table: 	ff7000->ff4007
+-------------------------------------------+
pid: 2
page fault happened at address: 8007da8
new allocate page address: ff3000
page_catalogue_table(p=1): 	80->ff7027
page_table: 	ff7000->ff3007
address_convert: page_catalogue_table 80 -> ff7000[7] -> (ff3007 & 0xfffffff000) = ff3000 + da8 = ff3da8
+-------------------------------------------+

+-------------------------------------------+
pid: 2
page fault happened at address: 8039c18
new allocate page address: ff2000
page_catalogue_table(p=1): 	80->ff7027
page_table: 	ff7000->ff2007
address_convert: page_catalogue_table 80 -> ff7000[39] -> (ff2007 & 0xfffffff000) = ff2000 + c18 = ff2c18
+-------------------------------------------+

+-------------------------------------------+
pid: 2
page fault happened at address: 801a390
new allocate page address: ff1000
page_catalogue_table(p=1): 	80->ff7027
page_table: 	ff7000->ff1007
address_convert: page_catalogue_table 80 -> ff7000[1a] -> (ff1007 & 0xfffffff000) = ff1000 + 390 = ff1390
+-------------------------------------------+

page_catalogue_table(p=1): 	80->ff7027
page_table: 	ff7000->ff0007
+-------------------------------------------+
pid: 2
page fault happened at address: 80440b4
new allocate page address: fef000
page_catalogue_table(p=1): 	80->ff7027
page_table: 	ff7000->fef007
address_convert: page_catalogue_table 80 -> ff7000[44] -> (fef007 & 0xfffffff000) = fef000 + b4 = fef0b4
+-------------------------------------------+

page_catalogue_table(p=1): 	80->ff7027
page_table: 	ff7000->fee007
page_catalogue_table(p=1): 	80->ff7027
page_table: 	ff7000->fed007
+-------------------------------------------+
pid: 2
page fault happened at address: 8001300
new allocate page address: fec000
page_catalogue_table(p=1): 	80->ff7027
page_table: 	ff7000->fec007
address_convert: page_catalogue_table 80 -> ff7000[1] -> (fec007 & 0xfffffff000) = fec000 + 300 = fec300
+-------------------------------------------+

+-------------------------------------------+
pid: 2
page fault happened at address: 803c4bc
new allocate page address: feb000
page_catalogue_table(p=1): 	80->ff7027
page_table: 	ff7000->feb007
address_convert: page_catalogue_table 80 -> ff7000[3c] -> (feb007 & 0xfffffff000) = feb000 + 4bc = feb4bc
+-------------------------------------------+

+-------------------------------------------+
pid: 2
page fault happened at address: 803fc14
new allocate page address: fea000
page_catalogue_table(p=1): 	80->ff7027
page_table: 	ff7000->fea007
address_convert: page_catalogue_table 80 -> ff7000[3f] -> (fea007 & 0xfffffff000) = fea000 + c14 = feac14
+-------------------------------------------+

page_catalogue_table(p=1): 	80->ff7027
page_table: 	ff7000->fe9007
+-------------------------------------------+
pid: 2
page fault happened at address: 801edb4
new allocate page address: fe8000
page_catalogue_table(p=1): 	80->ff7027
page_table: 	ff7000->fe8007
address_convert: page_catalogue_table 80 -> ff7000[1e] -> (fe8007 & 0xfffffff000) = fe8000 + db4 = fe8db4
+-------------------------------------------+

+-------------------------------------------+
pid: 2
page fault happened at address: 803a404
new allocate page address: fe7000
page_catalogue_table(p=1): 	80->ff7027
page_table: 	ff7000->fe7007
address_convert: page_catalogue_table 80 -> ff7000[3a] -> (fe7007 & 0xfffffff000) = fe7000 + 404 = fe7404
+-------------------------------------------+

+-------------------------------------------+
pid: 2
page fault happened at address: 802122c
new allocate page address: fe6000
page_catalogue_table(p=1): 	80->ff7027
page_table: 	ff7000->fe6007
address_convert: page_catalogue_table 80 -> ff7000[21] -> (fe6007 & 0xfffffff000) = fe6000 + 22c = fe622c
+-------------------------------------------+

+-------------------------------------------+
pid: 2
page fault happened at address: 8020f38
new allocate page address: fe5000
page_catalogue_table(p=1): 	80->ff7027
page_table: 	ff7000->fe5007
address_convert: page_catalogue_table 80 -> ff7000[20] -> (fe5007 & 0xfffffff000) = fe5000 + f38 = fe5f38
+-------------------------------------------+

+-------------------------------------------+
pid: 2
page fault happened at address: 80190bc
new allocate page address: fe4000
page_catalogue_table(p=1): 	80->ff7027
page_table: 	ff7000->fe4007
address_convert: page_catalogue_table 80 -> ff7000[19] -> (fe4007 & 0xfffffff000) = fe4000 + bc = fe40bc
+-------------------------------------------+

+-------------------------------------------+
pid: 2
page fault happened at address: 803b11c
new allocate page address: fe3000
page_catalogue_table(p=1): 	80->ff7027
page_table: 	ff7000->fe3007
address_convert: page_catalogue_table 80 -> ff7000[3b] -> (fe3007 & 0xfffffff000) = fe3000 + 11c = fe311c
+-------------------------------------------+

+-------------------------------------------+
pid: 2
page fault happened at address: 80108ac
new allocate page address: fe2000
page_catalogue_table(p=1): 	80->ff7027
page_table: 	ff7000->fe2007
address_convert: page_catalogue_table 80 -> ff7000[10] -> (fe2007 & 0xfffffff000) = fe2000 + 8ac = fe28ac
+-------------------------------------------+

+-------------------------------------------+
pid: 2
page fault happened at address: 801b260
new allocate page address: fe1000
page_catalogue_table(p=1): 	80->ff7027
page_table: 	ff7000->fe1007
address_convert: page_catalogue_table 80 -> ff7000[1b] -> (fe1007 & 0xfffffff000) = fe1000 + 260 = fe1260
+-------------------------------------------+

+-------------------------------------------+
pid: 2
page fault happened at address: 80407cc
new allocate page address: fe0000
page_catalogue_table(p=1): 	80->ff7027
page_table: 	ff7000->fe0007
address_convert: page_catalogue_table 80 -> ff7000[40] -> (fe0007 & 0xfffffff000) = fe0000 + 7cc = fe07cc
+-------------------------------------------+

+-------------------------------------------+
pid: 2
page fault happened at address: 8008128
new allocate page address: fdf000
page_catalogue_table(p=1): 	80->ff7027
page_table: 	ff7000->fdf007
address_convert: page_catalogue_table 80 -> ff7000[8] -> (fdf007 & 0xfffffff000) = fdf000 + 128 = fdf128
+-------------------------------------------+

+-------------------------------------------+
pid: 2
page fault happened at address: 800d380
new allocate page address: fde000
page_catalogue_table(p=1): 	80->ff7027
page_table: 	ff7000->fde007
address_convert: page_catalogue_table 80 -> ff7000[d] -> (fde007 & 0xfffffff000) = fde000 + 380 = fde380
+-------------------------------------------+

+-------------------------------------------+
pid: 2
page fault happened at address: 8015ee8
new allocate page address: fdd000
page_catalogue_table(p=1): 	80->ff7027
page_table: 	ff7000->fdd007
address_convert: page_catalogue_table 80 -> ff7000[15] -> (fdd007 & 0xfffffff000) = fdd000 + ee8 = fddee8
+-------------------------------------------+

page_catalogue_table(p=1): 	80->ff7027
page_table: 	ff7000->fdc007
+-------------------------------------------+
pid: 2
page fault happened at address: 800e1b4
new allocate page address: fdb000
page_catalogue_table(p=1): 	80->ff7027
page_table: 	ff7000->fdb007
address_convert: page_catalogue_table 80 -> ff7000[e] -> (fdb007 & 0xfffffff000) = fdb000 + 1b4 = fdb1b4
+-------------------------------------------+

+-------------------------------------------+
pid: 2
page fault happened at address: 8016038
new allocate page address: fda000
page_catalogue_table(p=1): 	80->ff7027
page_table: 	ff7000->fda007
address_convert: page_catalogue_table 80 -> ff7000[16] -> (fda007 & 0xfffffff000) = fda000 + 38 = fda038
+-------------------------------------------+

page_catalogue_table(p=1): 	80->ff7027
page_table: 	ff7000->fd9007
+-------------------------------------------+
pid: 2
page fault happened at address: 800cbcc
new allocate page address: fd8000
page_catalogue_table(p=1): 	80->ff7027
page_table: 	ff7000->fd8007
address_convert: page_catalogue_table 80 -> ff7000[c] -> (fd8007 & 0xfffffff000) = fd8000 + bcc = fd8bcc
+-------------------------------------------+

+-------------------------------------------+
pid: 2
page fault happened at address: 80378e8
new allocate page address: fd7000
page_catalogue_table(p=1): 	80->ff7027
page_table: 	ff7000->fd7007
address_convert: page_catalogue_table 80 -> ff7000[37] -> (fd7007 & 0xfffffff000) = fd7000 + 8e8 = fd78e8
+-------------------------------------------+

+-------------------------------------------+
pid: 2
page fault happened at address: 800f2cc
new allocate page address: fd6000
page_catalogue_table(p=1): 	80->ff7027
page_table: 	ff7000->fd6007
address_convert: page_catalogue_table 80 -> ff7000[f] -> (fd6007 & 0xfffffff000) = fd6000 + 2cc = fd62cc
+-------------------------------------------+

+-------------------------------------------+
pid: 2
page fault happened at address: 8012140
new allocate page address: fd5000
page_catalogue_table(p=1): 	80->ff7027
page_table: 	ff7000->fd5007
address_convert: page_catalogue_table 80 -> ff7000[12] -> (fd5007 & 0xfffffff000) = fd5000 + 140 = fd5140
+-------------------------------------------+

+-------------------------------------------+
pid: 2
page fault happened at address: 803551c
new allocate page address: fd4000
page_catalogue_table(p=1): 	80->ff7027
page_table: 	ff7000->fd4007
address_convert: page_catalogue_table 80 -> ff7000[35] -> (fd4007 & 0xfffffff000) = fd4000 + 51c = fd451c
+-------------------------------------------+

+-------------------------------------------+
pid: 2
page fault happened at address: 8042540
new allocate page address: fd3000
page_catalogue_table(p=1): 	80->ff7027
page_table: 	ff7000->fd3007
address_convert: page_catalogue_table 80 -> ff7000[42] -> (fd3007 & 0xfffffff000) = fd3000 + 540 = fd3540
+-------------------------------------------+

+-------------------------------------------+
pid: 2
page fault happened at address: 801f150
new allocate page address: fd2000
page_catalogue_table(p=1): 	80->ff7027
page_table: 	ff7000->fd2007
address_convert: page_catalogue_table 80 -> ff7000[1f] -> (fd2007 & 0xfffffff000) = fd2000 + 150 = fd2150
+-------------------------------------------+

page_catalogue_table(p=1): 	80->ff7027
page_table: 	ff7000->fd1007
+-------------------------------------------+
pid: 2
page fault happened at address: 8004960
new allocate page address: fd0000
page_catalogue_table(p=1): 	80->ff7027
page_table: 	ff7000->fd0007
address_convert: page_catalogue_table 80 -> ff7000[4] -> (fd0007 & 0xfffffff000) = fd0000 + 960 = fd0960
+-------------------------------------------+

+-------------------------------------------+
pid: 2
page fault happened at address: 8009d54
new allocate page address: fcf000
page_catalogue_table(p=1): 	80->ff7027
page_table: 	ff7000->fcf007
address_convert: page_catalogue_table 80 -> ff7000[9] -> (fcf007 & 0xfffffff000) = fcf000 + d54 = fcfd54
+-------------------------------------------+

+-------------------------------------------+
pid: 2
page fault happened at address: 8003158
new allocate page address: fce000
page_catalogue_table(p=1): 	80->ff7027
page_table: 	ff7000->fce007
address_convert: page_catalogue_table 80 -> ff7000[3] -> (fce007 & 0xfffffff000) = fce000 + 158 = fce158
+-------------------------------------------+

+-------------------------------------------+
pid: 2
page fault happened at address: 800260c
new allocate page address: fcd000
page_catalogue_table(p=1): 	80->ff7027
page_table: 	ff7000->fcd007
address_convert: page_catalogue_table 80 -> ff7000[2] -> (fcd007 & 0xfffffff000) = fcd000 + 60c = fcd60c
+-------------------------------------------+

+-------------------------------------------+
pid: 2
page fault happened at address: 8005620
new allocate page address: fcc000
page_catalogue_table(p=1): 	80->ff7027
page_table: 	ff7000->fcc007
address_convert: page_catalogue_table 80 -> ff7000[5] -> (fcc007 & 0xfffffff000) = fcc000 + 620 = fcc620
+-------------------------------------------+

page_catalogue_table(p=1): 	80->ff7027
page_table: 	ff7000->fcb007
+-------------------------------------------+
pid: 2
page fault happened at address: 800601e
new allocate page address: fca000
page_catalogue_table(p=1): 	80->ff7027
page_table: 	ff7000->fca007
address_convert: page_catalogue_table 80 -> ff7000[6] -> (fca007 & 0xfffffff000) = fca000 + 1e = fca01e
+-------------------------------------------+

+-------------------------------------------+
pid: 2
page fault happened at address: 800a0f4
new allocate page address: fc9000
page_catalogue_table(p=1): 	80->ff7027
page_table: 	ff7000->fc9007
address_convert: page_catalogue_table 80 -> ff7000[a] -> (fc9007 & 0xfffffff000) = fc9000 + f4 = fc90f4
+-------------------------------------------+

+-------------------------------------------+
pid: 2
page fault happened at address: 80135b4
new allocate page address: fc8000
page_catalogue_table(p=1): 	80->ff7027
page_table: 	ff7000->fc8007
address_convert: page_catalogue_table 80 -> ff7000[13] -> (fc8007 & 0xfffffff000) = fc8000 + 5b4 = fc85b4
+-------------------------------------------+

+-------------------------------------------+
pid: 2
page fault happened at address: 8014a4c
new allocate page address: fc7000
page_catalogue_table(p=1): 	80->ff7027
page_table: 	ff7000->fc7007
address_convert: page_catalogue_table 80 -> ff7000[14] -> (fc7007 & 0xfffffff000) = fc7000 + a4c = fc7a4c
+-------------------------------------------+

+-------------------------------------------+
pid: 2
page fault happened at address: 801193c
new allocate page address: fc6000
page_catalogue_table(p=1): 	80->ff7027
page_table: 	ff7000->fc6007
address_convert: page_catalogue_table 80 -> ff7000[11] -> (fc6007 & 0xfffffff000) = fc6000 + 93c = fc693c
+-------------------------------------------+

+-------------------------------------------+
pid: 2
page fault happened at address: 8038a68
new allocate page address: fc5000
page_catalogue_table(p=1): 	80->ff7027
page_table: 	ff7000->fc5007
address_convert: page_catalogue_table 80 -> ff7000[38] -> (fc5007 & 0xfffffff000) = fc5000 + a68 = fc5a68
+-------------------------------------------+

+-------------------------------------------+
pid: 2
page fault happened at address: 800b098
new allocate page address: fc4000
page_catalogue_table(p=1): 	80->ff7027
page_table: 	ff7000->fc4007
address_convert: page_catalogue_table 80 -> ff7000[b] -> (fc4007 & 0xfffffff000) = fc4000 + 98 = fc4098
+-------------------------------------------+

page_catalogue_table(p=1): 	bc->ffa027
page_table: 	ffa000->fc3007
page_catalogue_table(p=1): 	80->ff7027
page_table: 	ff7000->fc2007
page_catalogue_table(p=1): 	80->ff7027
page_table: 	ff7000->fb1007
+-------------------------------------------+
pid: 2
page fault happened at address: 8027e00
new allocate page address: faf000
page_catalogue_table(p=1): 	80->ff7027
page_table: 	ff7000->faf007
address_convert: page_catalogue_table 80 -> ff7000[27] -> (faf007 & 0xfffffff000) = faf000 + e00 = fafe00
+-------------------------------------------+

+-------------------------------------------+
pid: 2
page fault happened at address: 8028100
new allocate page address: fae000
page_catalogue_table(p=1): 	80->ff7027
page_table: 	ff7000->fae007
address_convert: page_catalogue_table 80 -> ff7000[28] -> (fae007 & 0xfffffff000) = fae000 + 100 = fae100
+-------------------------------------------+

page_catalogue_table(p=0, new allocate): 	fc->ff8007
page_table: 	ff8000->fad007
+-------------------------------------------+
pid: 3
page fault happened at address: c000000
new allocate page address: ff6000
page_catalogue_table(p=0, new allocate): 	c0->ff4007
page_table: 	ff4000->ff6007
address_convert: page_catalogue_table c0 -> ff4000[0] -> (ff6007 & 0xfffffff000) = ff6000 + 0 = ff6000
+-------------------------------------------+

+-------------------------------------------+
pid: 3
page fault happened at address: c001000
new allocate page address: ff0000
page_catalogue_table(p=1): 	c0->ff4027
page_table: 	ff4000->ff0007
address_convert: page_catalogue_table c0 -> ff4000[1] -> (ff0007 & 0xfffffff000) = ff0000 + 0 = ff0000
+-------------------------------------------+

page_catalogue_table(p=0, new allocate): 	bc->ffd007
page_table: 	ffd000->ff7007
+-------------------------------------------+
pid: 4
page fault happened at address: 8000000
new allocate page address: ffa000
page_catalogue_table(p=0, new allocate): 	80->ff5007
page_table: 	ff5000->ffa007
address_convert: page_catalogue_table 80 -> ff5000[0] -> (ffa007 & 0xfffffff000) = ffa000 + 0 = ffa000
+-------------------------------------------+

+-------------------------------------------+
pid: 4
page fault happened at address: 8041000
new allocate page address: ff3000
page_catalogue_table(p=1): 	80->ff5027
page_table: 	ff5000->ff3007
address_convert: page_catalogue_table 80 -> ff5000[41] -> (ff3007 & 0xfffffff000) = ff3000 + 0 = ff3000
+-------------------------------------------+

+-------------------------------------------+
pid: 4
page fault happened at address: 803d854
new allocate page address: ff2000
page_catalogue_table(p=1): 	80->ff5027
page_table: 	ff5000->ff2007
address_convert: page_catalogue_table 80 -> ff5000[3d] -> (ff2007 & 0xfffffff000) = ff2000 + 854 = ff2854
+-------------------------------------------+

page_catalogue_table(p=1): 	80->ff5027
page_table: 	ff5000->ff1007
+-------------------------------------------+
pid: 4
page fault happened at address: 8007da8
new allocate page address: fef000
page_catalogue_table(p=1): 	80->ff5027
page_table: 	ff5000->fef007
address_convert: page_catalogue_table 80 -> ff5000[7] -> (fef007 & 0xfffffff000) = fef000 + da8 = fefda8
+-------------------------------------------+

+-------------------------------------------+
pid: 4
page fault happened at address: 8039c18
new allocate page address: fee000
page_catalogue_table(p=1): 	80->ff5027
page_table: 	ff5000->fee007
address_convert: page_catalogue_table 80 -> ff5000[39] -> (fee007 & 0xfffffff000) = fee000 + c18 = feec18
+-------------------------------------------+

+-------------------------------------------+
pid: 4
page fault happened at address: 801a390
new allocate page address: fed000
page_catalogue_table(p=1): 	80->ff5027
page_table: 	ff5000->fed007
address_convert: page_catalogue_table 80 -> ff5000[1a] -> (fed007 & 0xfffffff000) = fed000 + 390 = fed390
+-------------------------------------------+

page_catalogue_table(p=1): 	80->ff5027
page_table: 	ff5000->fec007
+-------------------------------------------+
pid: 4
page fault happened at address: 80440b4
new allocate page address: feb000
page_catalogue_table(p=1): 	80->ff5027
page_table: 	ff5000->feb007
address_convert: page_catalogue_table 80 -> ff5000[44] -> (feb007 & 0xfffffff000) = feb000 + b4 = feb0b4
+-------------------------------------------+

page_catalogue_table(p=1): 	80->ff5027
page_table: 	ff5000->fea007
page_catalogue_table(p=1): 	80->ff5027
page_table: 	ff5000->fe9007
+-------------------------------------------+
pid: 4
page fault happened at address: 8001300
new allocate page address: fe8000
page_catalogue_table(p=1): 	80->ff5027
page_table: 	ff5000->fe8007
address_convert: page_catalogue_table 80 -> ff5000[1] -> (fe8007 & 0xfffffff000) = fe8000 + 300 = fe8300
+-------------------------------------------+

+-------------------------------------------+
pid: 4
page fault happened at address: 803c4bc
new allocate page address: fe7000
page_catalogue_table(p=1): 	80->ff5027
page_table: 	ff5000->fe7007
address_convert: page_catalogue_table 80 -> ff5000[3c] -> (fe7007 & 0xfffffff000) = fe7000 + 4bc = fe74bc
+-------------------------------------------+

+-------------------------------------------+
pid: 4
page fault happened at address: 803fc14
new allocate page address: fe6000
page_catalogue_table(p=1): 	80->ff5027
page_table: 	ff5000->fe6007
address_convert: page_catalogue_table 80 -> ff5000[3f] -> (fe6007 & 0xfffffff000) = fe6000 + c14 = fe6c14
+-------------------------------------------+

page_catalogue_table(p=1): 	80->ff5027
page_table: 	ff5000->fe5007
+-------------------------------------------+
pid: 4
page fault happened at address: 801edb4
new allocate page address: fe4000
page_catalogue_table(p=1): 	80->ff5027
page_table: 	ff5000->fe4007
address_convert: page_catalogue_table 80 -> ff5000[1e] -> (fe4007 & 0xfffffff000) = fe4000 + db4 = fe4db4
+-------------------------------------------+

+-------------------------------------------+
pid: 4
page fault happened at address: 803a404
new allocate page address: fe3000
page_catalogue_table(p=1): 	80->ff5027
page_table: 	ff5000->fe3007
address_convert: page_catalogue_table 80 -> ff5000[3a] -> (fe3007 & 0xfffffff000) = fe3000 + 404 = fe3404
+-------------------------------------------+

+-------------------------------------------+
pid: 4
page fault happened at address: 802122c
new allocate page address: fe2000
page_catalogue_table(p=1): 	80->ff5027
page_table: 	ff5000->fe2007
address_convert: page_catalogue_table 80 -> ff5000[21] -> (fe2007 & 0xfffffff000) = fe2000 + 22c = fe222c
+-------------------------------------------+

+-------------------------------------------+
pid: 4
page fault happened at address: 8020f38
new allocate page address: fe1000
page_catalogue_table(p=1): 	80->ff5027
page_table: 	ff5000->fe1007
address_convert: page_catalogue_table 80 -> ff5000[20] -> (fe1007 & 0xfffffff000) = fe1000 + f38 = fe1f38
+-------------------------------------------+

+-------------------------------------------+
pid: 4
page fault happened at address: 80190bc
new allocate page address: fe0000
page_catalogue_table(p=1): 	80->ff5027
page_table: 	ff5000->fe0007
address_convert: page_catalogue_table 80 -> ff5000[19] -> (fe0007 & 0xfffffff000) = fe0000 + bc = fe00bc
+-------------------------------------------+

+-------------------------------------------+
pid: 4
page fault happened at address: 803b11c
new allocate page address: fdf000
page_catalogue_table(p=1): 	80->ff5027
page_table: 	ff5000->fdf007
address_convert: page_catalogue_table 80 -> ff5000[3b] -> (fdf007 & 0xfffffff000) = fdf000 + 11c = fdf11c
+-------------------------------------------+

+-------------------------------------------+
pid: 4
page fault happened at address: 80108ac
new allocate page address: fde000
page_catalogue_table(p=1): 	80->ff5027
page_table: 	ff5000->fde007
address_convert: page_catalogue_table 80 -> ff5000[10] -> (fde007 & 0xfffffff000) = fde000 + 8ac = fde8ac
+-------------------------------------------+

+-------------------------------------------+
pid: 4
page fault happened at address: 801b260
new allocate page address: fdd000
page_catalogue_table(p=1): 	80->ff5027
page_table: 	ff5000->fdd007
address_convert: page_catalogue_table 80 -> ff5000[1b] -> (fdd007 & 0xfffffff000) = fdd000 + 260 = fdd260
+-------------------------------------------+

+-------------------------------------------+
pid: 4
page fault happened at address: 80407cc
new allocate page address: fdc000
page_catalogue_table(p=1): 	80->ff5027
page_table: 	ff5000->fdc007
address_convert: page_catalogue_table 80 -> ff5000[40] -> (fdc007 & 0xfffffff000) = fdc000 + 7cc = fdc7cc
+-------------------------------------------+

+-------------------------------------------+
pid: 4
page fault happened at address: 8008128
new allocate page address: fdb000
page_catalogue_table(p=1): 	80->ff5027
page_table: 	ff5000->fdb007
address_convert: page_catalogue_table 80 -> ff5000[8] -> (fdb007 & 0xfffffff000) = fdb000 + 128 = fdb128
+-------------------------------------------+

+-------------------------------------------+
pid: 4
page fault happened at address: 800d380
new allocate page address: fda000
page_catalogue_table(p=1): 	80->ff5027
page_table: 	ff5000->fda007
address_convert: page_catalogue_table 80 -> ff5000[d] -> (fda007 & 0xfffffff000) = fda000 + 380 = fda380
+-------------------------------------------+

+-------------------------------------------+
pid: 4
page fault happened at address: 8015ee8
new allocate page address: fd9000
page_catalogue_table(p=1): 	80->ff5027
page_table: 	ff5000->fd9007
address_convert: page_catalogue_table 80 -> ff5000[15] -> (fd9007 & 0xfffffff000) = fd9000 + ee8 = fd9ee8
+-------------------------------------------+

page_catalogue_table(p=1): 	80->ff5027
page_table: 	ff5000->fd8007
+-------------------------------------------+
pid: 4
page fault happened at address: 800e1b4
new allocate page address: fd7000
page_catalogue_table(p=1): 	80->ff5027
page_table: 	ff5000->fd7007
address_convert: page_catalogue_table 80 -> ff5000[e] -> (fd7007 & 0xfffffff000) = fd7000 + 1b4 = fd71b4
+-------------------------------------------+

+-------------------------------------------+
pid: 4
page fault happened at address: 8016038
new allocate page address: fd6000
page_catalogue_table(p=1): 	80->ff5027
page_table: 	ff5000->fd6007
address_convert: page_catalogue_table 80 -> ff5000[16] -> (fd6007 & 0xfffffff000) = fd6000 + 38 = fd6038
+-------------------------------------------+

page_catalogue_table(p=1): 	80->ff5027
page_table: 	ff5000->fd5007
+-------------------------------------------+
pid: 4
page fault happened at address: 800cbcc
new allocate page address: fd4000
page_catalogue_table(p=1): 	80->ff5027
page_table: 	ff5000->fd4007
address_convert: page_catalogue_table 80 -> ff5000[c] -> (fd4007 & 0xfffffff000) = fd4000 + bcc = fd4bcc
+-------------------------------------------+

+-------------------------------------------+
pid: 4
page fault happened at address: 80378e8
new allocate page address: fd3000
page_catalogue_table(p=1): 	80->ff5027
page_table: 	ff5000->fd3007
address_convert: page_catalogue_table 80 -> ff5000[37] -> (fd3007 & 0xfffffff000) = fd3000 + 8e8 = fd38e8
+-------------------------------------------+

+-------------------------------------------+
pid: 4
page fault happened at address: 800f2cc
new allocate page address: fd2000
page_catalogue_table(p=1): 	80->ff5027
page_table: 	ff5000->fd2007
address_convert: page_catalogue_table 80 -> ff5000[f] -> (fd2007 & 0xfffffff000) = fd2000 + 2cc = fd22cc
+-------------------------------------------+

+-------------------------------------------+
pid: 4
page fault happened at address: 8012140
new allocate page address: fd1000
page_catalogue_table(p=1): 	80->ff5027
page_table: 	ff5000->fd1007
address_convert: page_catalogue_table 80 -> ff5000[12] -> (fd1007 & 0xfffffff000) = fd1000 + 140 = fd1140
+-------------------------------------------+

+-------------------------------------------+
pid: 4
page fault happened at address: 803551c
new allocate page address: fd0000
page_catalogue_table(p=1): 	80->ff5027
page_table: 	ff5000->fd0007
address_convert: page_catalogue_table 80 -> ff5000[35] -> (fd0007 & 0xfffffff000) = fd0000 + 51c = fd051c
+-------------------------------------------+

+-------------------------------------------+
pid: 4
page fault happened at address: 8042540
new allocate page address: fcf000
page_catalogue_table(p=1): 	80->ff5027
page_table: 	ff5000->fcf007
address_convert: page_catalogue_table 80 -> ff5000[42] -> (fcf007 & 0xfffffff000) = fcf000 + 540 = fcf540
+-------------------------------------------+

+-------------------------------------------+
pid: 4
page fault happened at address: 801f150
new allocate page address: fce000
page_catalogue_table(p=1): 	80->ff5027
page_table: 	ff5000->fce007
address_convert: page_catalogue_table 80 -> ff5000[1f] -> (fce007 & 0xfffffff000) = fce000 + 150 = fce150
+-------------------------------------------+

page_catalogue_table(p=1): 	80->ff5027
page_table: 	ff5000->fcd007
+-------------------------------------------+
pid: 4
page fault happened at address: 8004960
new allocate page address: fcc000
page_catalogue_table(p=1): 	80->ff5027
page_table: 	ff5000->fcc007
address_convert: page_catalogue_table 80 -> ff5000[4] -> (fcc007 & 0xfffffff000) = fcc000 + 960 = fcc960
+-------------------------------------------+

+-------------------------------------------+
pid: 4
page fault happened at address: 8003158
new allocate page address: fcb000
page_catalogue_table(p=1): 	80->ff5027
page_table: 	ff5000->fcb007
address_convert: page_catalogue_table 80 -> ff5000[3] -> (fcb007 & 0xfffffff000) = fcb000 + 158 = fcb158
+-------------------------------------------+

+-------------------------------------------+
pid: 4
page fault happened at address: 800260c
new allocate page address: fca000
page_catalogue_table(p=1): 	80->ff5027
page_table: 	ff5000->fca007
address_convert: page_catalogue_table 80 -> ff5000[2] -> (fca007 & 0xfffffff000) = fca000 + 60c = fca60c
+-------------------------------------------+

+-------------------------------------------+
pid: 4
page fault happened at address: 8005620
new allocate page address: fc9000
page_catalogue_table(p=1): 	80->ff5027
page_table: 	ff5000->fc9007
address_convert: page_catalogue_table 80 -> ff5000[5] -> (fc9007 & 0xfffffff000) = fc9000 + 620 = fc9620
+-------------------------------------------+

page_catalogue_table(p=1): 	80->ff5027
page_table: 	ff5000->fc8007
+-------------------------------------------+
pid: 4
page fault happened at address: 800656c
new allocate page address: fc7000
page_catalogue_table(p=1): 	80->ff5027
page_table: 	ff5000->fc7007
address_convert: page_catalogue_table 80 -> ff5000[6] -> (fc7007 & 0xfffffff000) = fc7000 + 56c = fc756c
+-------------------------------------------+

+-------------------------------------------+
pid: 4
page fault happened at address: 8009e70
new allocate page address: fc6000
page_catalogue_table(p=1): 	80->ff5027
page_table: 	ff5000->fc6007
address_convert: page_catalogue_table 80 -> ff5000[9] -> (fc6007 & 0xfffffff000) = fc6000 + e70 = fc6e70
+-------------------------------------------+

+-------------------------------------------+
pid: 4
page fault happened at address: 800a0f4
new allocate page address: fc5000
page_catalogue_table(p=1): 	80->ff5027
page_table: 	ff5000->fc5007
address_convert: page_catalogue_table 80 -> ff5000[a] -> (fc5007 & 0xfffffff000) = fc5000 + f4 = fc50f4
+-------------------------------------------+

+-------------------------------------------+
pid: 4
page fault happened at address: 800b098
new allocate page address: fc4000
page_catalogue_table(p=1): 	80->ff5027
page_table: 	ff5000->fc4007
address_convert: page_catalogue_table 80 -> ff5000[b] -> (fc4007 & 0xfffffff000) = fc4000 + 98 = fc4098
+-------------------------------------------+

page_catalogue_table(p=1): 	bc->ffd027
page_table: 	ffd000->fc3007
page_catalogue_table(p=1): 	80->ff5027
page_table: 	ff5000->fc2007
+-------------------------------------------+
pid: 4
page fault happened at address: 8011dc0
new allocate page address: fc0000
page_catalogue_table(p=1): 	80->ff5027
page_table: 	ff5000->fc0007
address_convert: page_catalogue_table 80 -> ff5000[11] -> (fc0007 & 0xfffffff000) = fc0000 + dc0 = fc0dc0
+-------------------------------------------+

+-------------------------------------------+
pid: 4
page fault happened at address: 80135b4
new allocate page address: fbf000
page_catalogue_table(p=1): 	80->ff5027
page_table: 	ff5000->fbf007
address_convert: page_catalogue_table 80 -> ff5000[13] -> (fbf007 & 0xfffffff000) = fbf000 + 5b4 = fbf5b4
+-------------------------------------------+

+-------------------------------------------+
pid: 4
page fault happened at address: 8014a4c
new allocate page address: fbe000
page_catalogue_table(p=1): 	80->ff5027
page_table: 	ff5000->fbe007
address_convert: page_catalogue_table 80 -> ff5000[14] -> (fbe007 & 0xfffffff000) = fbe000 + a4c = fbea4c
+-------------------------------------------+

+-------------------------------------------+
pid: 4
page fault happened at address: 8038a68
new allocate page address: fbd000
page_catalogue_table(p=1): 	80->ff5027
page_table: 	ff5000->fbd007
address_convert: page_catalogue_table 80 -> ff5000[38] -> (fbd007 & 0xfffffff000) = fbd000 + a68 = fbda68
+-------------------------------------------+

+-------------------------------------------+
pid: 4
page fault happened at address: 801d848
new allocate page address: fbc000
page_catalogue_table(p=1): 	80->ff5027
page_table: 	ff5000->fbc007
address_convert: page_catalogue_table 80 -> ff5000[1d] -> (fbc007 & 0xfffffff000) = fbc000 + 848 = fbc848
+-------------------------------------------+

+-------------------------------------------+
pid: 4
page fault happened at address: 8026fd0
new allocate page address: fbb000
page_catalogue_table(p=1): 	80->ff5027
page_table: 	ff5000->fbb007
address_convert: page_catalogue_table 80 -> ff5000[26] -> (fbb007 & 0xfffffff000) = fbb000 + fd0 = fbbfd0
+-------------------------------------------+

+-------------------------------------------+
pid: 4
page fault happened at address: 8027034
new allocate page address: fba000
page_catalogue_table(p=1): 	80->ff5027
page_table: 	ff5000->fba007
address_convert: page_catalogue_table 80 -> ff5000[27] -> (fba007 & 0xfffffff000) = fba000 + 34 = fba034
+-------------------------------------------+

+-------------------------------------------+
pid: 4
page fault happened at address: 8029e2c
new allocate page address: fb9000
page_catalogue_table(p=1): 	80->ff5027
page_table: 	ff5000->fb9007
address_convert: page_catalogue_table 80 -> ff5000[29] -> (fb9007 & 0xfffffff000) = fb9000 + e2c = fb9e2c
+-------------------------------------------+

+-------------------------------------------+
pid: 4
page fault happened at address: 802a00a
new allocate page address: fb8000
page_catalogue_table(p=1): 	80->ff5027
page_table: 	ff5000->fb8007
address_convert: page_catalogue_table 80 -> ff5000[2a] -> (fb8007 & 0xfffffff000) = fb8000 + a = fb800a
+-------------------------------------------+

+-------------------------------------------+
pid: 4
page fault happened at address: 802b8d0
new allocate page address: fb7000
page_catalogue_table(p=1): 	80->ff5027
page_table: 	ff5000->fb7007
address_convert: page_catalogue_table 80 -> ff5000[2b] -> (fb7007 & 0xfffffff000) = fb7000 + 8d0 = fb78d0
+-------------------------------------------+

page_catalogue_table(p=1): 	80->ff5027
page_table: 	ff5000->fb6007
page_catalogue_table(p=1): 	80->ff5027
page_table: 	ff5000->fb5007
page_catalogue_table(p=1): 	80->ff5027
page_table: 	ff5000->fb4007
page_catalogue_table(p=1): 	80->ff5027
page_table: 	ff5000->fb3007
page_catalogue_table(p=1): 	80->ff5027
page_table: 	ff5000->fb2007
page_catalogue_table(p=1): 	80->ff5027
page_table: 	ff5000->fb1007
page_catalogue_table(p=1): 	80->ff5027
page_table: 	ff5000->fb0007
page_catalogue_table(p=1): 	80->ff5027
page_table: 	ff5000->faf007
page_catalogue_table(p=1): 	80->ff5027
page_table: 	ff5000->fae007
page_catalogue_table(p=1): 	80->ff5027
page_table: 	ff5000->fac007
page_catalogue_table(p=1): 	13c->fa8027
page_table: 	fa8000->f9c007
page_catalogue_table(p=1): 	100->fa9027
page_table: 	fa9000->f9a007
page_catalogue_table(p=1): 	100->fa9027
page_table: 	fa9000->f98007
page_catalogue_table(p=1): 	100->fa9027
page_table: 	fa9000->f97007
page_catalogue_table(p=1): 	80->ff5027
page_table: 	ff5000->fa9007
+-------------------------------------------+
pid: 4
page fault happened at address: 80315e8
new allocate page address: fab000
page_catalogue_table(p=1): 	80->ff5027
page_table: 	ff5000->fab007
address_convert: page_catalogue_table 80 -> ff5000[31] -> (fab007 & 0xfffffff000) = fab000 + 5e8 = fab5e8
+-------------------------------------------+

+-------------------------------------------+
pid: 4
page fault happened at address: 80430f4
new allocate page address: faa000
page_catalogue_table(p=1): 	80->ff5027
page_table: 	ff5000->faa007
address_convert: page_catalogue_table 80 -> ff5000[43] -> (faa007 & 0xfffffff000) = faa000 + f4 = faa0f4
+-------------------------------------------+

+-------------------------------------------+
pid: 4
page fault happened at address: 802cb58
new allocate page address: fa8000
page_catalogue_table(p=1): 	80->ff5027
page_table: 	ff5000->fa8007
address_convert: page_catalogue_table 80 -> ff5000[2c] -> (fa8007 & 0xfffffff000) = fa8000 + b58 = fa8b58
+-------------------------------------------+

+-------------------------------------------+
pid: 4
page fault happened at address: 802db34
new allocate page address: fa7000
page_catalogue_table(p=1): 	80->ff5027
page_table: 	ff5000->fa7007
address_convert: page_catalogue_table 80 -> ff5000[2d] -> (fa7007 & 0xfffffff000) = fa7000 + b34 = fa7b34
+-------------------------------------------+

page_catalogue_table(p=1): 	80->ff5027
page_table: 	ff5000->fa6007
page_catalogue_table(p=1): 	80->ff5027
page_table: 	ff5000->fa5007
page_catalogue_table(p=1): 	80->ff5027
page_table: 	ff5000->fa4007
page_catalogue_table(p=1): 	80->ff5027
page_table: 	ff5000->fa3007
+-------------------------------------------+
pid: 4
page fault happened at address: 80301c0
new allocate page address: fa2000
page_catalogue_table(p=1): 	80->ff5027
page_table: 	ff5000->fa2007
address_convert: page_catalogue_table 80 -> ff5000[30] -> (fa2007 & 0xfffffff000) = fa2000 + 1c0 = fa21c0
+-------------------------------------------+

+-------------------------------------------+
pid: 4
page fault happened at address: 802e1ec
new allocate page address: fa1000
page_catalogue_table(p=1): 	80->ff5027
page_table: 	ff5000->fa1007
address_convert: page_catalogue_table 80 -> ff5000[2e] -> (fa1007 & 0xfffffff000) = fa1000 + 1ec = fa11ec
+-------------------------------------------+

page_catalogue_table(p=1): 	80->ff5027
page_table: 	ff5000->fa0007
+-------------------------------------------+
pid: 4
page fault happened at address: 8032ef0
new allocate page address: f9f000
page_catalogue_table(p=1): 	80->ff5027
page_table: 	ff5000->f9f007
address_convert: page_catalogue_table 80 -> ff5000[32] -> (f9f007 & 0xfffffff000) = f9f000 + ef0 = f9fef0
+-------------------------------------------+

+-------------------------------------------+
pid: 4
page fault happened at address: 802ff30
new allocate page address: f9e000
page_catalogue_table(p=1): 	80->ff5027
page_table: 	ff5000->f9e007
address_convert: page_catalogue_table 80 -> ff5000[2f] -> (f9e007 & 0xfffffff000) = f9e000 + f30 = f9ef30
+-------------------------------------------+

+-------------------------------------------+
pid: 4
page fault happened at address: 803603c
new allocate page address: f9d000
page_catalogue_table(p=1): 	80->ff5027
page_table: 	ff5000->f9d007
address_convert: page_catalogue_table 80 -> ff5000[36] -> (f9d007 & 0xfffffff000) = f9d000 + 3c = f9d03c
+-------------------------------------------+

page_catalogue_table(p=0, new allocate): 	13c->f9b007
page_table: 	f9b000->f95007
+-------------------------------------------+
pid: 6
page fault happened at address: 10000000
new allocate page address: f9a000
page_catalogue_table(p=0, new allocate): 	100->f99007
page_table: 	f99000->f9a007
address_convert: page_catalogue_table 100 -> f99000[0] -> (f9a007 & 0xfffffff000) = f9a000 + 0 = f9a000
+-------------------------------------------+

+-------------------------------------------+
pid: 6
page fault happened at address: 10004000
new allocate page address: f98000
page_catalogue_table(p=1): 	100->f99027
page_table: 	f99000->f98007
address_convert: page_catalogue_table 100 -> f99000[4] -> (f98007 & 0xfffffff000) = f98000 + 0 = f98000
+-------------------------------------------+

+-------------------------------------------+
pid: 6
page fault happened at address: 10001e74
new allocate page address: f97000
page_catalogue_table(p=1): 	100->f99027
page_table: 	f99000->f97007
address_convert: page_catalogue_table 100 -> f99000[1] -> (f97007 & 0xfffffff000) = f97000 + e74 = f97e74
+-------------------------------------------+

+-------------------------------------------+
pid: 6
page fault happened at address: 10003104
new allocate page address: f96000
page_catalogue_table(p=1): 	100->f99027
page_table: 	f99000->f96007
address_convert: page_catalogue_table 100 -> f99000[3] -> (f96007 & 0xfffffff000) = f96000 + 104 = f96104
+-------------------------------------------+

page_catalogue_table(p=1): 	13c->f99027
page_table: 	f99000->f8c007
page_catalogue_table(p=1): 	100->f9a027
page_table: 	f9a000->f87007
page_catalogue_table(p=0, new allocate): 	13c->f9b007
page_table: 	f9b000->f94007
+-------------------------------------------+
pid: 8
page fault happened at address: 10000000
new allocate page address: f9a000
page_catalogue_table(p=0, new allocate): 	100->f99007
page_table: 	f99000->f9a007
address_convert: page_catalogue_table 100 -> f99000[0] -> (f9a007 & 0xfffffff000) = f9a000 + 0 = f9a000
+-------------------------------------------+

+-------------------------------------------+
pid: 8
page fault happened at address: 10001000
new allocate page address: f98000
page_catalogue_table(p=1): 	100->f99027
page_table: 	f99000->f98007
address_convert: page_catalogue_table 100 -> f99000[1] -> (f98007 & 0xfffffff000) = f98000 + 0 = f98000
+-------------------------------------------+

